
##############################################
Beginning test 1_2_FourConnections

*CMD.........	Starting --id 123  --servername theshire --port 31201 --info "Home of the hobbits" --log-file theshire.log
[theshire] 	Launching server theshire...
*CMD.........	Waiting... 0.25
[theshire] 	Configuring the server socket...
[theshire] 	Listening for new connections on port 31201
*CMD.........	Starting --id 456 --servername rivendale --port 31202 --info "Elrond's House" --log-file rivendale.log --connect_to_host theshire --connect_to_port 31201
[rivendale] 	Launching server rivendale...
*CMD.........	Waiting... 0.25
[rivendale] 	Configuring the server socket...
[rivendale] 	Connecting to remote server theshire:31201...
[rivendale] 	Connected to another server
[rivendale] 	Listening for new connections on port 31202
*CMD.........	Starting --id 789 --servername minastirith --port 31203 --info "Tower of Guard" --log-file minastirith.log --connect_to_host theshire --connect_to_port 31201
[minastirith] 	Launching server minastirith...
*CMD.........	Waiting... 0.25
[minastirith] 	Configuring the server socket...
[minastirith] 	Connecting to remote server theshire:31201...
[minastirith] 	Connected to another server
[minastirith] 	Listening for new connections on port 31203
*CMD.........	Starting --id 987 --servername barad-dur --port 31204 --info "the Dark Tower" --log-file barad-dur.log --connect_to_host minastiri --connect_to_port 31203
[barad-dur] 	Launching server barad-dur...
*CMD.........	Waiting... 0.5
[barad-dur] 	Configuring the server socket...
[barad-dur] 	Connecting to remote server minastiri:31203...
[barad-dur] 	Connected to another server
[barad-dur] 	Listening for new connections on port 31204
[rivendale] 	Cleaning up the server
[barad-dur] 	Cleaning up the server

Test passed:False
