
##############################################
Beginning test 1_3_EightConnections

*CMD.........	Starting --id 1 --servername theshire --port 31301 --info "Home of the hobbits" --log-file theshire.log
[theshire] 	Launching server theshire...
*CMD.........	Waiting... 0.25
[theshire] 	Configuring the server socket...
[theshire] 	Listening for new connections on port 31301
*CMD.........	Starting --id 2 --servername rivendale --port 31302 --info "Elrond's House" --log-file rivendale.log --connect_to_host theshire --connect_to_port 31301
[rivendale] 	Launching server rivendale...
*CMD.........	Waiting... 0.25
[rivendale] 	Configuring the server socket...
[rivendale] 	Connecting to remote server theshire:31301...
[rivendale] 	Connected to another server
[rivendale] 	Listening for new connections on port 31302
*CMD.........	Starting --id 3 --servername mirkwood --port 31303 --info "Wood of Greenleaves" --log-file mirkwood.log --connect_to_host rivendale --connect_to_port 31302
[mirkwood] 	Launching server mirkwood...
*CMD.........	Waiting... 0.25
[mirkwood] 	Configuring the server socket...
[mirkwood] 	Connecting to remote server rivendale:31302...
[mirkwood] 	Connected to another server
[mirkwood] 	Listening for new connections on port 31303
*CMD.........	Starting --id 4 --servername lothlorin --port 31304 --info "The Golden Wood" --log-file lothlorien.log --connect_to_host mirkwood --connect_to_port 31303
[lothlorin] 	Launching server lothlorin...
*CMD.........	Waiting... 0.25
[lothlorin] 	Configuring the server socket...
[lothlorin] 	Connecting to remote server mirkwood:31303...
[lothlorin] 	Connected to another server
[lothlorin] 	Listening for new connections on port 31304
*CMD.........	Starting --id 5 --servername isengard --port 31305 --info "Orthanc" --log-file isengard.log --connect_to_host rivendale --connect_to_port 31302
[isengard] 	Launching server isengard...
*CMD.........	Waiting... 0.25
[isengard] 	Configuring the server socket...
[isengard] 	Connecting to remote server rivendale:31302...
[isengard] 	Connected to another server
[isengard] 	Listening for new connections on port 31305
*CMD.........	Starting --id 6 --servername minastirith --port 31306 --info "Tower of Guard" --log-file minastirith.log --connect_to_host theshire --connect_to_port 31301
[minastirith] 	Launching server minastirith...
*CMD.........	Waiting... 0.25
[minastirith] 	Configuring the server socket...
[minastirith] 	Connecting to remote server theshire:31301...
[minastirith] 	Connected to another server
[minastirith] 	Listening for new connections on port 31306
*CMD.........	Starting --id 7 --servername osgiliath --port 31307 --info "Citadel of the Stars" --log-file osgiliath.log --connect_to_host minastiri --connect_to_port 31306
[osgiliath] 	Launching server osgiliath...
*CMD.........	Waiting... 0.25
[osgiliath] 	Configuring the server socket...
[osgiliath] 	Connecting to remote server minastiri:31306...
[osgiliath] 	Connected to another server
[osgiliath] 	Listening for new connections on port 31307
*CMD.........	Starting --id 8 --servername barad-dur --port 31308 --info "The Dark Tower" --log-file barad-dur.log --connect_to_host minastiri --connect_to_port 31306
[barad-dur] 	Launching server barad-dur...
*CMD.........	Waiting... 0.5
[barad-dur] 	Configuring the server socket...
[barad-dur] 	Connecting to remote server minastiri:31306...
[barad-dur] 	Connected to another server
[barad-dur] 	Listening for new connections on port 31308
[lothlorin] 	Cleaning up the server
[isengard] 	Cleaning up the server
[osgiliath] 	Cleaning up the server
[barad-dur] 	Cleaning up the server

Test passed:False
