2025-06-21 00:28:18,417 - IRCServer[55056] - INFO - Launching client balin...
2025-06-21 00:28:18,424 - IRCServer[55056] - INFO - Sending message to b'\x80\x00\x00\x00k\x00\x00\x00\x00\x05\x00\x0bbalin"Test info"'
2025-06-21 00:28:18,428 - IRCServer[55056] - INFO - Received msg from Host ID #107 "b'\x80\x00\x00\x00k\x00\x00\x00\x00\x05\x00\x0bbalin"Test info"'"
2025-06-21 00:28:18,432 - IRCServer[55056] - INFO - Sending message to Host ID #2 "b'\x80\x00\x00\x00k\x00\x00\x00\x05\x05\x00\x0bbalin"Test info"'"
2025-06-21 00:28:18,439 - IRCServer[55056] - INFO - Sending message to Host ID #1 "b'\x80\x00\x00\x00k\x00\x00\x00\x05\x05\x00\x0bbalin"Test info"'"
2025-06-21 00:28:18,442 - IRCServer[55056] - INFO - Sending message to Host ID #3 "b'\x80\x00\x00\x00k\x00\x00\x00\x05\x05\x00\x0bbalin"Test info"'"
2025-06-21 00:28:18,446 - IRCServer[55056] - INFO - Sending message to Host ID #4 "b'\x80\x00\x00\x00k\x00\x00\x00\x05\x05\x00\x0bbalin"Test info"'"
2025-06-21 00:28:18,449 - IRCServer[55056] - INFO - Received message from Host ID #5 "b'\x01\x00\x00\x00\x05\x00\x00\x00k\x00\x00\x00\x00\x00/Welcome to the Clemson Relay Chat network balin'"
2025-06-21 00:28:18,449 - IRCServer[55056] - INFO - Received msg from Host ID #107 "b'\x80\x00\x00\x00k\x00\x00\x00\x05\x05\x00\x0bbalin"Test info"'"
2025-06-21 00:28:18,451 - IRCServer[55056] - INFO - Received message from Host ID #101 "b'\x80\x00\x00\x00e\x00\x00\x00\x05\x0c\x00\x0bfrodobaggins"Test info"'"
2025-06-21 00:28:18,451 - IRCServer[55056] - INFO - Sending message to Host ID #103 "b'\x80\x00\x00\x00k\x00\x00\x00\x02\x05\x00\x0bbalin"Test info"'"
2025-06-21 00:28:18,453 - IRCServer[55056] - INFO - Received message from Host ID #102 "b'\x80\x00\x00\x00f\x00\x00\x00\x05\t\x00\x0bsamgamgee"Test info"'"
2025-06-21 00:28:18,453 - IRCServer[55056] - INFO - Sending message to Host ID #1 "b'\x80\x00\x00\x00k\x00\x00\x00\x02\x05\x00\x0bbalin"Test info"'"
2025-06-21 00:28:18,457 - IRCServer[55056] - INFO - Received message from Host ID #103 "b'\x80\x00\x00\x00g\x00\x00\x00\x05\x06\x00\x0belrond"Test info"'"
2025-06-21 00:28:18,457 - IRCServer[55056] - INFO - Sending message to Host ID #4 "b'\x80\x00\x00\x00k\x00\x00\x00\x02\x05\x00\x0bbalin"Test info"'"
2025-06-21 00:28:18,459 - IRCServer[55056] - INFO - Received message from Host ID #104 "b'\x80\x00\x00\x00h\x00\x00\x00\x05\x0c\x00\x0bbilbobaggins"Test info"'"
2025-06-21 00:28:18,463 - IRCServer[55056] - INFO - Sending message to Host ID #5 "b'\x80\x00\x00\x00k\x00\x00\x00\x02\x05\x00\x0bbalin"Test info"'"
2025-06-21 00:28:18,464 - IRCServer[55056] - INFO - Received message from Host ID #105 "b'\x80\x00\x00\x00i\x00\x00\x00\x05\x08\x00\x0bperegrin"Test info"'"
2025-06-21 00:28:18,466 - IRCServer[55056] - INFO - Sending message to Host ID #8 "b'\x80\x00\x00\x00k\x00\x00\x00\x02\x05\x00\x0bbalin"Test info"'"
2025-06-21 00:28:18,468 - IRCServer[55056] - INFO - Received message from Host ID #106 "b'\x80\x00\x00\x00j\x00\x00\x00\x05\x08\x00\x0bmeriadoc"Test info"'"
2025-06-21 00:28:18,469 - IRCServer[55056] - INFO - Received message from Host ID #107 "b'\x80\x00\x00\x00k\x00\x00\x00\x02\x05\x00\x0bbalin"Test info"'"
2025-06-21 00:28:18,470 - IRCServer[55056] - INFO - Received msg from Host ID #107 "b'\x80\x00\x00\x00k\x00\x00\x00\x02\x05\x00\x0bbalin"Test info"'"
2025-06-21 00:28:18,470 - IRCServer[55056] - INFO - Received msg from Host ID #107 "b'\x80\x00\x00\x00k\x00\x00\x00\x02\x05\x00\x0bbalin"Test info"'"
2025-06-21 00:28:18,470 - IRCServer[55056] - INFO - Received msg from Host ID #107 "b'\x80\x00\x00\x00k\x00\x00\x00\x02\x05\x00\x0bbalin"Test info"'"
2025-06-21 00:28:18,470 - IRCServer[55056] - INFO - Received msg from Host ID #107 "b'\x80\x00\x00\x00k\x00\x00\x00\x02\x05\x00\x0bbalin"Test info"'"
2025-06-21 00:28:18,473 - IRCServer[55056] - INFO - Sending message to Host ID #101 "b'\x80\x00\x00\x00k\x00\x00\x00\x01\x05\x00\x0bbalin"Test info"'"
2025-06-21 00:28:18,474 - IRCServer[55056] - INFO - Sending message to Host ID #2 "b'\x80\x00\x00\x00k\x00\x00\x00\x04\x05\x00\x0bbalin"Test info"'"
2025-06-21 00:28:18,474 - IRCServer[55056] - INFO - Sending message to an unknown IO device "b'\x01\x00\x00\x00\x05\x00\x00\x00\x00\x00\x02\x00\x00\x00+A machine is already registered with ID 107'"
2025-06-21 00:28:18,475 - IRCServer[55056] - INFO - Sending message to Host ID #2 "b'\x80\x00\x00\x00k\x00\x00\x00\x08\x05\x00\x0bbalin"Test info"'"
2025-06-21 00:28:18,475 - IRCServer[55056] - INFO - Sending message to Host ID #102 "b'\x80\x00\x00\x00k\x00\x00\x00\x01\x05\x00\x0bbalin"Test info"'"
2025-06-21 00:28:18,476 - IRCServer[55056] - INFO - Sending message to Host ID #1 "b'\x80\x00\x00\x00k\x00\x00\x00\x04\x05\x00\x0bbalin"Test info"'"
2025-06-21 00:28:18,477 - IRCServer[55056] - INFO - Sending message to Host ID #1 "b'\x80\x00\x00\x00k\x00\x00\x00\x08\x05\x00\x0bbalin"Test info"'"
2025-06-21 00:28:18,478 - IRCServer[55056] - INFO - Received msg from Host ID #5 "b'\x01\x00\x00\x00\x05\x00\x00\x00\x00\x00\x02\x00\x00\x00+A machine is already registered with ID 107'"
2025-06-21 00:28:18,479 - IRCServer[55056] - INFO - Sending message to Host ID #2 "b'\x80\x00\x00\x00k\x00\x00\x00\x01\x05\x00\x0bbalin"Test info"'"
2025-06-21 00:28:18,480 - IRCServer[55056] - INFO - Sending message to Host ID #3 "b'\x80\x00\x00\x00k\x00\x00\x00\x04\x05\x00\x0bbalin"Test info"'"
2025-06-21 00:28:18,481 - IRCServer[55056] - INFO - Sending message to Host ID #3 "b'\x80\x00\x00\x00k\x00\x00\x00\x08\x05\x00\x0bbalin"Test info"'"
2025-06-21 00:28:18,482 - IRCServer[55056] - INFO - Sending message to Host ID #3 "b'\x80\x00\x00\x00k\x00\x00\x00\x01\x05\x00\x0bbalin"Test info"'"
2025-06-21 00:28:18,485 - IRCServer[55056] - INFO - Sending message to Host ID #6 "b'\x80\x00\x00\x00k\x00\x00\x00\x04\x05\x00\x0bbalin"Test info"'"
2025-06-21 00:28:18,486 - IRCServer[55056] - INFO - Sending message to Host ID #4 "b'\x80\x00\x00\x00k\x00\x00\x00\x08\x05\x00\x0bbalin"Test info"'"
2025-06-21 00:28:18,486 - IRCServer[55056] - INFO - Received message from Host ID #107 "b'\x80\x00\x00\x00k\x00\x00\x00\x01\x05\x00\x0bbalin"Test info"'"
2025-06-21 00:28:18,486 - IRCServer[55056] - INFO - Received msg from Host ID #107 "b'\x80\x00\x00\x00k\x00\x00\x00\x01\x05\x00\x0bbalin"Test info"'"
2025-06-21 00:28:18,486 - IRCServer[55056] - INFO - Received msg from Host ID #107 "b'\x80\x00\x00\x00k\x00\x00\x00\x01\x05\x00\x0bbalin"Test info"'"
2025-06-21 00:28:18,487 - IRCServer[55056] - INFO - Received message from Host ID #107 "b'\x80\x00\x00\x00k\x00\x00\x00\x01\x05\x00\x0bbalin"Test info"'"
2025-06-21 00:28:18,488 - IRCServer[55056] - INFO - Sending message to Host ID #7 "b'\x80\x00\x00\x00k\x00\x00\x00\x04\x05\x00\x0bbalin"Test info"'"
2025-06-21 00:28:18,489 - IRCServer[55056] - INFO - Sending message to Host ID #5 "b'\x80\x00\x00\x00k\x00\x00\x00\x08\x05\x00\x0bbalin"Test info"'"
2025-06-21 00:28:18,491 - IRCServer[55056] - INFO - Sending message to an unknown IO device "b'\x01\x00\x00\x00\x02\x00\x00\x00\x00\x00\x02\x00\x00\x00+A machine is already registered with ID 107'"
2025-06-21 00:28:18,492 - IRCServer[55056] - INFO - Sending message to Host ID #104 "b'\x80\x00\x00\x00k\x00\x00\x00\x03\x05\x00\x0bbalin"Test info"'"
2025-06-21 00:28:18,493 - IRCServer[55056] - INFO - Sending message to Host ID #10 "b'\x80\x00\x00\x00k\x00\x00\x00\x04\x05\x00\x0bbalin"Test info"'"
2025-06-21 00:28:18,494 - IRCServer[55056] - INFO - Sending message to Host ID #6 "b'\x80\x00\x00\x00k\x00\x00\x00\x08\x05\x00\x0bbalin"Test info"'"
2025-06-21 00:28:18,496 - IRCServer[55056] - INFO - Sending message to Host ID #1 "b'\x80\x00\x00\x00k\x00\x00\x00\x03\x05\x00\x0bbalin"Test info"'"
2025-06-21 00:28:18,497 - IRCServer[55056] - INFO - Received msg from Host ID #2 "b'\x01\x00\x00\x00\x02\x00\x00\x00\x00\x00\x02\x00\x00\x00+A machine is already registered with ID 107'"
2025-06-21 00:28:18,498 - IRCServer[55056] - INFO - Sending message to Host ID #11 "b'\x80\x00\x00\x00k\x00\x00\x00\x04\x05\x00\x0bbalin"Test info"'"
2025-06-21 00:28:18,498 - IRCServer[55056] - INFO - Sending message to Host ID #7 "b'\x80\x00\x00\x00k\x00\x00\x00\x08\x05\x00\x0bbalin"Test info"'"
2025-06-21 00:28:18,500 - IRCServer[55056] - INFO - Sending message to Host ID #2 "b'\x80\x00\x00\x00k\x00\x00\x00\x03\x05\x00\x0bbalin"Test info"'"
2025-06-21 00:28:18,502 - IRCServer[55056] - INFO - Received msg from Host ID #107 "b'\x80\x00\x00\x00k\x00\x00\x00\x04\x05\x00\x0bbalin"Test info"'"
2025-06-21 00:28:18,502 - IRCServer[55056] - INFO - Received msg from Host ID #107 "b'\x80\x00\x00\x00k\x00\x00\x00\x04\x05\x00\x0bbalin"Test info"'"
2025-06-21 00:28:18,502 - IRCServer[55056] - INFO - Received msg from Host ID #107 "b'\x80\x00\x00\x00k\x00\x00\x00\x04\x05\x00\x0bbalin"Test info"'"
2025-06-21 00:28:18,502 - IRCServer[55056] - INFO - Received msg from Host ID #107 "b'\x80\x00\x00\x00k\x00\x00\x00\x04\x05\x00\x0bbalin"Test info"'"
2025-06-21 00:28:18,502 - IRCServer[55056] - INFO - Received msg from Host ID #107 "b'\x80\x00\x00\x00k\x00\x00\x00\x04\x05\x00\x0bbalin"Test info"'"
2025-06-21 00:28:18,504 - IRCServer[55056] - INFO - Received message from Host ID #107 "b'\x80\x00\x00\x00k\x00\x00\x00\x03\x05\x00\x0bbalin"Test info"'"
2025-06-21 00:28:18,504 - IRCServer[55056] - INFO - Received msg from Host ID #107 "b'\x80\x00\x00\x00k\x00\x00\x00\x03\x05\x00\x0bbalin"Test info"'"
2025-06-21 00:28:18,504 - IRCServer[55056] - INFO - Sending message to Host ID #106 "b'\x80\x00\x00\x00k\x00\x00\x00\x06\x05\x00\x0bbalin"Test info"'"
2025-06-21 00:28:18,505 - IRCServer[55056] - INFO - Sending message to an unknown IO device "b'\x01\x00\x00\x00\x02\x00\x00\x00\x00\x00\x02\x00\x00\x00+A machine is already registered with ID 107'"
2025-06-21 00:28:18,506 - IRCServer[55056] - INFO - Sending message to Host ID #105 "b'\x80\x00\x00\x00k\x00\x00\x00\x07\x05\x00\x0bbalin"Test info"'"
2025-06-21 00:28:18,507 - IRCServer[55056] - INFO - Sending message to Host ID #4 "b'\x80\x00\x00\x00k\x00\x00\x00\n\x05\x00\x0bbalin"Test info"'"
2025-06-21 00:28:18,507 - IRCServer[55056] - INFO - Sending message to Host ID #4 "b'\x80\x00\x00\x00k\x00\x00\x00\x0b\x05\x00\x0bbalin"Test info"'"
2025-06-21 00:28:18,508 - IRCServer[55056] - INFO - Sending message to an unknown IO device "b'\x01\x00\x00\x00\x01\x00\x00\x00\x00\x00\x02\x00\x00\x00+A machine is already registered with ID 107'"
2025-06-21 00:28:18,509 - IRCServer[55056] - INFO - Sending message to Host ID #4 "b'\x80\x00\x00\x00k\x00\x00\x00\x06\x05\x00\x0bbalin"Test info"'"
2025-06-21 00:28:18,510 - IRCServer[55056] - INFO - Received msg from Host ID #107 "b'\x80\x00\x00\x00k\x00\x00\x00\x08\x05\x00\x0bbalin"Test info"'"
2025-06-21 00:28:18,510 - IRCServer[55056] - INFO - Received msg from Host ID #2 "b'\x01\x00\x00\x00\x02\x00\x00\x00\x00\x00\x02\x00\x00\x00+A machine is already registered with ID 107'"
2025-06-21 00:28:18,511 - IRCServer[55056] - INFO - Sending message to Host ID #4 "b'\x80\x00\x00\x00k\x00\x00\x00\x07\x05\x00\x0bbalin"Test info"'"
2025-06-21 00:28:18,511 - IRCServer[55056] - INFO - Sending message to Host ID #2 "b'\x80\x00\x00\x00k\x00\x00\x00\n\x05\x00\x0bbalin"Test info"'"
2025-06-21 00:28:18,511 - IRCServer[55056] - INFO - Sending message to Host ID #2 "b'\x80\x00\x00\x00k\x00\x00\x00\x0b\x05\x00\x0bbalin"Test info"'"
2025-06-21 00:28:18,512 - IRCServer[55056] - INFO - Sending message to Host ID #2 "b'\x80\x00\x00\x00k\x00\x00\x00\x06\x05\x00\x0bbalin"Test info"'"
2025-06-21 00:28:18,512 - IRCServer[55056] - INFO - Sending message to an unknown IO device "b'\x01\x00\x00\x00\x02\x00\x00\x00\x00\x00\x02\x00\x00\x00+A machine is already registered with ID 107'"
2025-06-21 00:28:18,512 - IRCServer[55056] - INFO - Received msg from Host ID #1 "b'\x01\x00\x00\x00\x01\x00\x00\x00\x00\x00\x02\x00\x00\x00+A machine is already registered with ID 107'"
2025-06-21 00:28:18,513 - IRCServer[55056] - INFO - Sending message to Host ID #2 "b'\x80\x00\x00\x00k\x00\x00\x00\x07\x05\x00\x0bbalin"Test info"'"
2025-06-21 00:28:18,515 - IRCServer[55056] - INFO - Sending message to Host ID #1 "b'\x80\x00\x00\x00k\x00\x00\x00\n\x05\x00\x0bbalin"Test info"'"
2025-06-21 00:28:18,515 - IRCServer[55056] - INFO - Sending message to Host ID #1 "b'\x80\x00\x00\x00k\x00\x00\x00\x0b\x05\x00\x0bbalin"Test info"'"
2025-06-21 00:28:18,516 - IRCServer[55056] - INFO - Sending message to Host ID #1 "b'\x80\x00\x00\x00k\x00\x00\x00\x06\x05\x00\x0bbalin"Test info"'"
2025-06-21 00:28:18,518 - IRCServer[55056] - INFO - Received msg from Host ID #2 "b'\x01\x00\x00\x00\x02\x00\x00\x00\x00\x00\x02\x00\x00\x00+A machine is already registered with ID 107'"
2025-06-21 00:28:18,518 - IRCServer[55056] - INFO - Sending message to Host ID #1 "b'\x80\x00\x00\x00k\x00\x00\x00\x07\x05\x00\x0bbalin"Test info"'"
2025-06-21 00:28:18,520 - IRCServer[55056] - INFO - Sending message to Host ID #3 "b'\x80\x00\x00\x00k\x00\x00\x00\n\x05\x00\x0bbalin"Test info"'"
2025-06-21 00:28:18,520 - IRCServer[55056] - INFO - Sending message to Host ID #3 "b'\x80\x00\x00\x00k\x00\x00\x00\x0b\x05\x00\x0bbalin"Test info"'"
2025-06-21 00:28:18,522 - IRCServer[55056] - INFO - Sending message to Host ID #3 "b'\x80\x00\x00\x00k\x00\x00\x00\x06\x05\x00\x0bbalin"Test info"'"
2025-06-21 00:28:18,523 - IRCServer[55056] - INFO - Sending message to Host ID #3 "b'\x80\x00\x00\x00k\x00\x00\x00\x07\x05\x00\x0bbalin"Test info"'"
2025-06-21 00:28:18,525 - IRCServer[55056] - INFO - Sending message to Host ID #5 "b'\x80\x00\x00\x00k\x00\x00\x00\n\x05\x00\x0bbalin"Test info"'"
2025-06-21 00:28:18,525 - IRCServer[55056] - INFO - Sending message to Host ID #5 "b'\x80\x00\x00\x00k\x00\x00\x00\x0b\x05\x00\x0bbalin"Test info"'"
2025-06-21 00:28:18,529 - IRCServer[55056] - INFO - Sending message to Host ID #5 "b'\x80\x00\x00\x00k\x00\x00\x00\x06\x05\x00\x0bbalin"Test info"'"
2025-06-21 00:28:18,529 - IRCServer[55056] - INFO - Sending message to Host ID #5 "b'\x80\x00\x00\x00k\x00\x00\x00\x07\x05\x00\x0bbalin"Test info"'"
2025-06-21 00:28:18,530 - IRCServer[55056] - INFO - Sending message to Host ID #6 "b'\x80\x00\x00\x00k\x00\x00\x00\n\x05\x00\x0bbalin"Test info"'"
2025-06-21 00:28:18,530 - IRCServer[55056] - INFO - Sending message to Host ID #6 "b'\x80\x00\x00\x00k\x00\x00\x00\x0b\x05\x00\x0bbalin"Test info"'"
2025-06-21 00:28:18,534 - IRCServer[55056] - INFO - Sending message to Host ID #9 "b'\x80\x00\x00\x00k\x00\x00\x00\x06\x05\x00\x0bbalin"Test info"'"
2025-06-21 00:28:18,535 - IRCServer[55056] - INFO - Sending message to Host ID #6 "b'\x80\x00\x00\x00k\x00\x00\x00\x07\x05\x00\x0bbalin"Test info"'"
2025-06-21 00:28:18,536 - IRCServer[55056] - INFO - Sending message to Host ID #7 "b'\x80\x00\x00\x00k\x00\x00\x00\n\x05\x00\x0bbalin"Test info"'"
2025-06-21 00:28:18,538 - IRCServer[55056] - INFO - Sending message to Host ID #7 "b'\x80\x00\x00\x00k\x00\x00\x00\x0b\x05\x00\x0bbalin"Test info"'"
2025-06-21 00:28:18,539 - IRCServer[55056] - INFO - Received msg from Host ID #107 "b'\x80\x00\x00\x00k\x00\x00\x00\x06\x05\x00\x0bbalin"Test info"'"
2025-06-21 00:28:18,539 - IRCServer[55056] - INFO - Received message from Host ID #107 "b'\x80\x00\x00\x00k\x00\x00\x00\x06\x05\x00\x0bbalin"Test info"'"
2025-06-21 00:28:18,539 - IRCServer[55056] - INFO - Received msg from Host ID #107 "b'\x80\x00\x00\x00k\x00\x00\x00\x06\x05\x00\x0bbalin"Test info"'"
2025-06-21 00:28:18,540 - IRCServer[55056] - INFO - Sending message to Host ID #8 "b'\x80\x00\x00\x00k\x00\x00\x00\n\x05\x00\x0bbalin"Test info"'"
2025-06-21 00:28:18,541 - IRCServer[55056] - INFO - Received message from Host ID #107 "b'\x80\x00\x00\x00k\x00\x00\x00\x07\x05\x00\x0bbalin"Test info"'"
2025-06-21 00:28:18,541 - IRCServer[55056] - INFO - Sending message to Host ID #8 "b'\x80\x00\x00\x00k\x00\x00\x00\x0b\x05\x00\x0bbalin"Test info"'"
2025-06-21 00:28:18,544 - IRCServer[55056] - INFO - Sending message to an unknown IO device "b'\x01\x00\x00\x00\x04\x00\x00\x00\x00\x00\x02\x00\x00\x00+A machine is already registered with ID 107'"
2025-06-21 00:28:18,545 - IRCServer[55056] - INFO - Sending message to Host ID #6 "b'\x80\x00\x00\x00k\x00\x00\x00\t\x05\x00\x0bbalin"Test info"'"
2025-06-21 00:28:18,547 - IRCServer[55056] - INFO - Sending message to Host ID #9 "b'\x80\x00\x00\x00k\x00\x00\x00\n\x05\x00\x0bbalin"Test info"'"
2025-06-21 00:28:18,549 - IRCServer[55056] - INFO - Sending message to Host ID #9 "b'\x80\x00\x00\x00k\x00\x00\x00\x0b\x05\x00\x0bbalin"Test info"'"
2025-06-21 00:28:18,550 - IRCServer[55056] - INFO - Received msg from Host ID #107 "b'\x80\x00\x00\x00k\x00\x00\x00\x07\x05\x00\x0bbalin"Test info"'"
2025-06-21 00:28:18,550 - IRCServer[55056] - INFO - Received msg from Host ID #4 "b'\x01\x00\x00\x00\x04\x00\x00\x00\x00\x00\x02\x00\x00\x00+A machine is already registered with ID 107'"
2025-06-21 00:28:18,550 - IRCServer[55056] - INFO - Sending message to Host ID #4 "b'\x80\x00\x00\x00k\x00\x00\x00\t\x05\x00\x0bbalin"Test info"'"
2025-06-21 00:28:18,554 - IRCServer[55056] - INFO - Sending message to Host ID #10 "b'\x80\x00\x00\x00k\x00\x00\x00\x0b\x05\x00\x0bbalin"Test info"'"
2025-06-21 00:28:18,555 - IRCServer[55056] - INFO - Sending message to an unknown IO device "b'\x01\x00\x00\x00\x04\x00\x00\x00\x00\x00\x02\x00\x00\x00+A machine is already registered with ID 107'"
2025-06-21 00:28:18,556 - IRCServer[55056] - INFO - Sending message to Host ID #2 "b'\x80\x00\x00\x00k\x00\x00\x00\t\x05\x00\x0bbalin"Test info"'"
2025-06-21 00:28:18,559 - IRCServer[55056] - INFO - Received msg from Host ID #107 "b'\x80\x00\x00\x00k\x00\x00\x00\n\x05\x00\x0bbalin"Test info"'"
2025-06-21 00:28:18,560 - IRCServer[55056] - INFO - Received msg from Host ID #4 "b'\x01\x00\x00\x00\x04\x00\x00\x00\x00\x00\x02\x00\x00\x00+A machine is already registered with ID 107'"
2025-06-21 00:28:18,560 - IRCServer[55056] - INFO - Sending message to Host ID #1 "b'\x80\x00\x00\x00k\x00\x00\x00\t\x05\x00\x0bbalin"Test info"'"
2025-06-21 00:28:18,561 - IRCServer[55056] - INFO - Sending message to an unknown IO device "b'\x01\x00\x00\x00\x04\x00\x00\x00\x00\x00\x02\x00\x00\x00+A machine is already registered with ID 107'"
2025-06-21 00:28:18,565 - IRCServer[55056] - INFO - Sending message to Host ID #3 "b'\x80\x00\x00\x00k\x00\x00\x00\t\x05\x00\x0bbalin"Test info"'"
2025-06-21 00:28:18,567 - IRCServer[55056] - INFO - Received msg from Host ID #107 "b'\x80\x00\x00\x00k\x00\x00\x00\x0b\x05\x00\x0bbalin"Test info"'"
2025-06-21 00:28:18,568 - IRCServer[55056] - INFO - Sending message to Host ID #5 "b'\x80\x00\x00\x00k\x00\x00\x00\t\x05\x00\x0bbalin"Test info"'"
2025-06-21 00:28:18,570 - IRCServer[55056] - INFO - Sending message to an unknown IO device "b'\x01\x00\x00\x00\x04\x00\x00\x00\x00\x00\x02\x00\x00\x00+A machine is already registered with ID 107'"
2025-06-21 00:28:18,576 - IRCServer[55056] - INFO - Sending message to Host ID #7 "b'\x80\x00\x00\x00k\x00\x00\x00\t\x05\x00\x0bbalin"Test info"'"
2025-06-21 00:28:18,578 - IRCServer[55056] - INFO - Received msg from Host ID #4 "b'\x01\x00\x00\x00\x04\x00\x00\x00\x00\x00\x02\x00\x00\x00+A machine is already registered with ID 107'"
2025-06-21 00:28:18,578 - IRCServer[55056] - INFO - Received msg from Host ID #4 "b'\x01\x00\x00\x00\x04\x00\x00\x00\x00\x00\x02\x00\x00\x00+A machine is already registered with ID 107'"
2025-06-21 00:28:18,582 - IRCServer[55056] - INFO - Sending message to Host ID #8 "b'\x80\x00\x00\x00k\x00\x00\x00\t\x05\x00\x0bbalin"Test info"'"
2025-06-21 00:28:18,593 - IRCServer[55056] - INFO - Received msg from Host ID #107 "b'\x80\x00\x00\x00k\x00\x00\x00\t\x05\x00\x0bbalin"Test info"'"
2025-06-21 00:28:18,601 - IRCServer[55056] - INFO - Sending message to an unknown IO device "b'\x01\x00\x00\x00\x06\x00\x00\x00\x00\x00\x02\x00\x00\x00+A machine is already registered with ID 107'"
2025-06-21 00:28:18,607 - IRCServer[55056] - INFO - Received msg from Host ID #6 "b'\x01\x00\x00\x00\x06\x00\x00\x00\x00\x00\x02\x00\x00\x00+A machine is already registered with ID 107'"
2025-06-21 00:28:19,425 - IRCServer[55056] - INFO - Launching client sauron...
2025-06-21 00:28:19,434 - IRCServer[55056] - INFO - Sending message to b'\x80\x00\x00\x00l\x00\x00\x00\x00\x06\x00\x0bsauron"Test info"'
2025-06-21 00:28:19,440 - IRCServer[55056] - INFO - Received msg from Host ID #108 "b'\x80\x00\x00\x00l\x00\x00\x00\x00\x06\x00\x0bsauron"Test info"'"
2025-06-21 00:28:19,444 - IRCServer[55056] - INFO - Sending message to Host ID #4 "b'\x80\x00\x00\x00l\x00\x00\x00\x0b\x06\x00\x0bsauron"Test info"'"
2025-06-21 00:28:19,446 - IRCServer[55056] - INFO - Sending message to Host ID #2 "b'\x80\x00\x00\x00l\x00\x00\x00\x0b\x06\x00\x0bsauron"Test info"'"
2025-06-21 00:28:19,449 - IRCServer[55056] - INFO - Sending message to Host ID #1 "b'\x80\x00\x00\x00l\x00\x00\x00\x0b\x06\x00\x0bsauron"Test info"'"
2025-06-21 00:28:19,452 - IRCServer[55056] - INFO - Sending message to Host ID #3 "b'\x80\x00\x00\x00l\x00\x00\x00\x0b\x06\x00\x0bsauron"Test info"'"
2025-06-21 00:28:19,456 - IRCServer[55056] - INFO - Sending message to Host ID #5 "b'\x80\x00\x00\x00l\x00\x00\x00\x0b\x06\x00\x0bsauron"Test info"'"
2025-06-21 00:28:19,462 - IRCServer[55056] - INFO - Sending message to Host ID #6 "b'\x80\x00\x00\x00l\x00\x00\x00\x0b\x06\x00\x0bsauron"Test info"'"
2025-06-21 00:28:19,463 - IRCServer[55056] - INFO - Sending message to Host ID #7 "b'\x80\x00\x00\x00l\x00\x00\x00\x0b\x06\x00\x0bsauron"Test info"'"
2025-06-21 00:28:19,469 - IRCServer[55056] - INFO - Sending message to Host ID #8 "b'\x80\x00\x00\x00l\x00\x00\x00\x0b\x06\x00\x0bsauron"Test info"'"
2025-06-21 00:28:19,472 - IRCServer[55056] - INFO - Sending message to Host ID #9 "b'\x80\x00\x00\x00l\x00\x00\x00\x0b\x06\x00\x0bsauron"Test info"'"
2025-06-21 00:28:19,475 - IRCServer[55056] - INFO - Sending message to Host ID #10 "b'\x80\x00\x00\x00l\x00\x00\x00\x0b\x06\x00\x0bsauron"Test info"'"
2025-06-21 00:28:19,479 - IRCServer[55056] - INFO - Received msg from Host ID #108 "b'\x80\x00\x00\x00l\x00\x00\x00\x0b\x06\x00\x0bsauron"Test info"'"
2025-06-21 00:28:19,479 - IRCServer[55056] - INFO - Received message from Host ID #11 "b'\x01\x00\x00\x00\x0b\x00\x00\x00l\x00\x00\x00\x00\x000Welcome to the Clemson Relay Chat network sauron'"
2025-06-21 00:28:19,484 - IRCServer[55056] - INFO - Sending message to Host ID #2 "b'\x80\x00\x00\x00l\x00\x00\x00\x04\x06\x00\x0bsauron"Test info"'"
2025-06-21 00:28:19,484 - IRCServer[55056] - INFO - Received message from Host ID #101 "b'\x80\x00\x00\x00e\x00\x00\x00\x0b\x0c\x00\x0bfrodobaggins"Test info"'"
2025-06-21 00:28:19,486 - IRCServer[55056] - INFO - Sending message to Host ID #1 "b'\x80\x00\x00\x00l\x00\x00\x00\x04\x06\x00\x0bsauron"Test info"'"
2025-06-21 00:28:19,487 - IRCServer[55056] - INFO - Received message from Host ID #102 "b'\x80\x00\x00\x00f\x00\x00\x00\x0b\t\x00\x0bsamgamgee"Test info"'"
2025-06-21 00:28:19,489 - IRCServer[55056] - INFO - Sending message to Host ID #3 "b'\x80\x00\x00\x00l\x00\x00\x00\x04\x06\x00\x0bsauron"Test info"'"
2025-06-21 00:28:19,490 - IRCServer[55056] - INFO - Received message from Host ID #103 "b'\x80\x00\x00\x00g\x00\x00\x00\x0b\x06\x00\x0belrond"Test info"'"
2025-06-21 00:28:19,491 - IRCServer[55056] - INFO - Sending message to Host ID #6 "b'\x80\x00\x00\x00l\x00\x00\x00\x04\x06\x00\x0bsauron"Test info"'"
2025-06-21 00:28:19,496 - IRCServer[55056] - INFO - Received message from Host ID #104 "b'\x80\x00\x00\x00h\x00\x00\x00\x0b\x0c\x00\x0bbilbobaggins"Test info"'"
2025-06-21 00:28:19,496 - IRCServer[55056] - INFO - Sending message to Host ID #7 "b'\x80\x00\x00\x00l\x00\x00\x00\x04\x06\x00\x0bsauron"Test info"'"
2025-06-21 00:28:19,498 - IRCServer[55056] - INFO - Received message from Host ID #105 "b'\x80\x00\x00\x00i\x00\x00\x00\x0b\x08\x00\x0bperegrin"Test info"'"
2025-06-21 00:28:19,499 - IRCServer[55056] - INFO - Sending message to Host ID #10 "b'\x80\x00\x00\x00l\x00\x00\x00\x04\x06\x00\x0bsauron"Test info"'"
2025-06-21 00:28:19,499 - IRCServer[55056] - INFO - Received message from Host ID #106 "b'\x80\x00\x00\x00j\x00\x00\x00\x0b\x08\x00\x0bmeriadoc"Test info"'"
2025-06-21 00:28:19,501 - IRCServer[55056] - INFO - Sending message to Host ID #11 "b'\x80\x00\x00\x00l\x00\x00\x00\x04\x06\x00\x0bsauron"Test info"'"
2025-06-21 00:28:19,502 - IRCServer[55056] - INFO - Received message from Host ID #107 "b'\x80\x00\x00\x00k\x00\x00\x00\x0b\x05\x00\x0bbalin"Test info"'"
2025-06-21 00:28:19,504 - IRCServer[55056] - INFO - Received msg from Host ID #108 "b'\x80\x00\x00\x00l\x00\x00\x00\x04\x06\x00\x0bsauron"Test info"'"
2025-06-21 00:28:19,505 - IRCServer[55056] - INFO - Received msg from Host ID #108 "b'\x80\x00\x00\x00l\x00\x00\x00\x04\x06\x00\x0bsauron"Test info"'"
2025-06-21 00:28:19,505 - IRCServer[55056] - INFO - Received msg from Host ID #108 "b'\x80\x00\x00\x00l\x00\x00\x00\x04\x06\x00\x0bsauron"Test info"'"
2025-06-21 00:28:19,505 - IRCServer[55056] - INFO - Received msg from Host ID #108 "b'\x80\x00\x00\x00l\x00\x00\x00\x04\x06\x00\x0bsauron"Test info"'"
2025-06-21 00:28:19,505 - IRCServer[55056] - INFO - Received msg from Host ID #108 "b'\x80\x00\x00\x00l\x00\x00\x00\x04\x06\x00\x0bsauron"Test info"'"
2025-06-21 00:28:19,507 - IRCServer[55056] - INFO - Sending message to Host ID #103 "b'\x80\x00\x00\x00l\x00\x00\x00\x02\x06\x00\x0bsauron"Test info"'"
2025-06-21 00:28:19,508 - IRCServer[55056] - INFO - Sending message to Host ID #106 "b'\x80\x00\x00\x00l\x00\x00\x00\x06\x06\x00\x0bsauron"Test info"'"
2025-06-21 00:28:19,509 - IRCServer[55056] - INFO - Sending message to Host ID #105 "b'\x80\x00\x00\x00l\x00\x00\x00\x07\x06\x00\x0bsauron"Test info"'"
2025-06-21 00:28:19,512 - IRCServer[55056] - INFO - Sending message to Host ID #4 "b'\x80\x00\x00\x00l\x00\x00\x00\n\x06\x00\x0bsauron"Test info"'"
2025-06-21 00:28:19,513 - IRCServer[55056] - INFO - Sending message to an unknown IO device "b'\x01\x00\x00\x00\x0b\x00\x00\x00\x00\x00\x02\x00\x00\x00+A machine is already registered with ID 108'"
2025-06-21 00:28:19,513 - IRCServer[55056] - INFO - Sending message to Host ID #1 "b'\x80\x00\x00\x00l\x00\x00\x00\x02\x06\x00\x0bsauron"Test info"'"
2025-06-21 00:28:19,514 - IRCServer[55056] - INFO - Sending message to Host ID #4 "b'\x80\x00\x00\x00l\x00\x00\x00\x06\x06\x00\x0bsauron"Test info"'"
2025-06-21 00:28:19,514 - IRCServer[55056] - INFO - Sending message to Host ID #4 "b'\x80\x00\x00\x00l\x00\x00\x00\x07\x06\x00\x0bsauron"Test info"'"
2025-06-21 00:28:19,515 - IRCServer[55056] - INFO - Sending message to Host ID #2 "b'\x80\x00\x00\x00l\x00\x00\x00\n\x06\x00\x0bsauron"Test info"'"
2025-06-21 00:28:19,516 - IRCServer[55056] - INFO - Received msg from Host ID #11 "b'\x01\x00\x00\x00\x0b\x00\x00\x00\x00\x00\x02\x00\x00\x00+A machine is already registered with ID 108'"
2025-06-21 00:28:19,517 - IRCServer[55056] - INFO - Sending message to Host ID #4 "b'\x80\x00\x00\x00l\x00\x00\x00\x02\x06\x00\x0bsauron"Test info"'"
2025-06-21 00:28:19,518 - IRCServer[55056] - INFO - Sending message to Host ID #2 "b'\x80\x00\x00\x00l\x00\x00\x00\x06\x06\x00\x0bsauron"Test info"'"
2025-06-21 00:28:19,519 - IRCServer[55056] - INFO - Sending message to Host ID #2 "b'\x80\x00\x00\x00l\x00\x00\x00\x07\x06\x00\x0bsauron"Test info"'"
2025-06-21 00:28:19,520 - IRCServer[55056] - INFO - Sending message to Host ID #1 "b'\x80\x00\x00\x00l\x00\x00\x00\n\x06\x00\x0bsauron"Test info"'"
2025-06-21 00:28:19,521 - IRCServer[55056] - INFO - Sending message to Host ID #5 "b'\x80\x00\x00\x00l\x00\x00\x00\x02\x06\x00\x0bsauron"Test info"'"
2025-06-21 00:28:19,522 - IRCServer[55056] - INFO - Sending message to Host ID #1 "b'\x80\x00\x00\x00l\x00\x00\x00\x06\x06\x00\x0bsauron"Test info"'"
2025-06-21 00:28:19,523 - IRCServer[55056] - INFO - Sending message to Host ID #1 "b'\x80\x00\x00\x00l\x00\x00\x00\x07\x06\x00\x0bsauron"Test info"'"
2025-06-21 00:28:19,523 - IRCServer[55056] - INFO - Sending message to Host ID #3 "b'\x80\x00\x00\x00l\x00\x00\x00\n\x06\x00\x0bsauron"Test info"'"
2025-06-21 00:28:19,525 - IRCServer[55056] - INFO - Sending message to Host ID #8 "b'\x80\x00\x00\x00l\x00\x00\x00\x02\x06\x00\x0bsauron"Test info"'"
2025-06-21 00:28:19,525 - IRCServer[55056] - INFO - Sending message to Host ID #3 "b'\x80\x00\x00\x00l\x00\x00\x00\x06\x06\x00\x0bsauron"Test info"'"
2025-06-21 00:28:19,526 - IRCServer[55056] - INFO - Sending message to Host ID #3 "b'\x80\x00\x00\x00l\x00\x00\x00\x07\x06\x00\x0bsauron"Test info"'"
2025-06-21 00:28:19,528 - IRCServer[55056] - INFO - Sending message to Host ID #5 "b'\x80\x00\x00\x00l\x00\x00\x00\n\x06\x00\x0bsauron"Test info"'"
2025-06-21 00:28:19,530 - IRCServer[55056] - INFO - Received msg from Host ID #108 "b'\x80\x00\x00\x00l\x00\x00\x00\x02\x06\x00\x0bsauron"Test info"'"
2025-06-21 00:28:19,530 - IRCServer[55056] - INFO - Received msg from Host ID #108 "b'\x80\x00\x00\x00l\x00\x00\x00\x02\x06\x00\x0bsauron"Test info"'"
2025-06-21 00:28:19,530 - IRCServer[55056] - INFO - Received msg from Host ID #108 "b'\x80\x00\x00\x00l\x00\x00\x00\x02\x06\x00\x0bsauron"Test info"'"
2025-06-21 00:28:19,530 - IRCServer[55056] - INFO - Received message from Host ID #108 "b'\x80\x00\x00\x00l\x00\x00\x00\x02\x06\x00\x0bsauron"Test info"'"
2025-06-21 00:28:19,531 - IRCServer[55056] - INFO - Received msg from Host ID #108 "b'\x80\x00\x00\x00l\x00\x00\x00\x02\x06\x00\x0bsauron"Test info"'"
2025-06-21 00:28:19,531 - IRCServer[55056] - INFO - Sending message to Host ID #5 "b'\x80\x00\x00\x00l\x00\x00\x00\x06\x06\x00\x0bsauron"Test info"'"
2025-06-21 00:28:19,531 - IRCServer[55056] - INFO - Sending message to Host ID #5 "b'\x80\x00\x00\x00l\x00\x00\x00\x07\x06\x00\x0bsauron"Test info"'"
2025-06-21 00:28:19,531 - IRCServer[55056] - INFO - Sending message to Host ID #6 "b'\x80\x00\x00\x00l\x00\x00\x00\n\x06\x00\x0bsauron"Test info"'"
2025-06-21 00:28:19,532 - IRCServer[55056] - INFO - Sending message to Host ID #101 "b'\x80\x00\x00\x00l\x00\x00\x00\x01\x06\x00\x0bsauron"Test info"'"
2025-06-21 00:28:19,532 - IRCServer[55056] - INFO - Sending message to Host ID #107 "b'\x80\x00\x00\x00l\x00\x00\x00\x05\x06\x00\x0bsauron"Test info"'"
2025-06-21 00:28:19,533 - IRCServer[55056] - INFO - Sending message to an unknown IO device "b'\x01\x00\x00\x00\x04\x00\x00\x00\x00\x00\x02\x00\x00\x00+A machine is already registered with ID 108'"
2025-06-21 00:28:19,535 - IRCServer[55056] - INFO - Sending message to Host ID #2 "b'\x80\x00\x00\x00l\x00\x00\x00\x08\x06\x00\x0bsauron"Test info"'"
2025-06-21 00:28:19,537 - IRCServer[55056] - INFO - Sending message to Host ID #9 "b'\x80\x00\x00\x00l\x00\x00\x00\x06\x06\x00\x0bsauron"Test info"'"
2025-06-21 00:28:19,538 - IRCServer[55056] - INFO - Sending message to Host ID #6 "b'\x80\x00\x00\x00l\x00\x00\x00\x07\x06\x00\x0bsauron"Test info"'"
2025-06-21 00:28:19,538 - IRCServer[55056] - INFO - Sending message to Host ID #7 "b'\x80\x00\x00\x00l\x00\x00\x00\n\x06\x00\x0bsauron"Test info"'"
2025-06-21 00:28:19,538 - IRCServer[55056] - INFO - Sending message to Host ID #102 "b'\x80\x00\x00\x00l\x00\x00\x00\x01\x06\x00\x0bsauron"Test info"'"
2025-06-21 00:28:19,539 - IRCServer[55056] - INFO - Sending message to Host ID #2 "b'\x80\x00\x00\x00l\x00\x00\x00\x05\x06\x00\x0bsauron"Test info"'"
2025-06-21 00:28:19,540 - IRCServer[55056] - INFO - Received msg from Host ID #4 "b'\x01\x00\x00\x00\x04\x00\x00\x00\x00\x00\x02\x00\x00\x00+A machine is already registered with ID 108'"
2025-06-21 00:28:19,540 - IRCServer[55056] - INFO - Sending message to Host ID #1 "b'\x80\x00\x00\x00l\x00\x00\x00\x08\x06\x00\x0bsauron"Test info"'"
2025-06-21 00:28:19,541 - IRCServer[55056] - INFO - Received msg from Host ID #108 "b'\x80\x00\x00\x00l\x00\x00\x00\x06\x06\x00\x0bsauron"Test info"'"
2025-06-21 00:28:19,541 - IRCServer[55056] - INFO - Received message from Host ID #108 "b'\x80\x00\x00\x00l\x00\x00\x00\x06\x06\x00\x0bsauron"Test info"'"
2025-06-21 00:28:19,541 - IRCServer[55056] - INFO - Received message from Host ID #108 "b'\x80\x00\x00\x00l\x00\x00\x00\x07\x06\x00\x0bsauron"Test info"'"
2025-06-21 00:28:19,541 - IRCServer[55056] - INFO - Sending message to Host ID #8 "b'\x80\x00\x00\x00l\x00\x00\x00\n\x06\x00\x0bsauron"Test info"'"
2025-06-21 00:28:19,541 - IRCServer[55056] - INFO - Received msg from Host ID #108 "b'\x80\x00\x00\x00l\x00\x00\x00\x06\x06\x00\x0bsauron"Test info"'"
2025-06-21 00:28:19,542 - IRCServer[55056] - INFO - Sending message to Host ID #2 "b'\x80\x00\x00\x00l\x00\x00\x00\x01\x06\x00\x0bsauron"Test info"'"
2025-06-21 00:28:19,542 - IRCServer[55056] - INFO - Sending message to Host ID #1 "b'\x80\x00\x00\x00l\x00\x00\x00\x05\x06\x00\x0bsauron"Test info"'"
2025-06-21 00:28:19,543 - IRCServer[55056] - INFO - Sending message to Host ID #3 "b'\x80\x00\x00\x00l\x00\x00\x00\x08\x06\x00\x0bsauron"Test info"'"
2025-06-21 00:28:19,544 - IRCServer[55056] - INFO - Sending message to an unknown IO device "b'\x01\x00\x00\x00\x04\x00\x00\x00\x00\x00\x02\x00\x00\x00+A machine is already registered with ID 108'"
2025-06-21 00:28:19,545 - IRCServer[55056] - INFO - Sending message to Host ID #9 "b'\x80\x00\x00\x00l\x00\x00\x00\n\x06\x00\x0bsauron"Test info"'"
2025-06-21 00:28:19,545 - IRCServer[55056] - INFO - Sending message to Host ID #6 "b'\x80\x00\x00\x00l\x00\x00\x00\t\x06\x00\x0bsauron"Test info"'"
2025-06-21 00:28:19,546 - IRCServer[55056] - INFO - Sending message to Host ID #3 "b'\x80\x00\x00\x00l\x00\x00\x00\x01\x06\x00\x0bsauron"Test info"'"
2025-06-21 00:28:19,547 - IRCServer[55056] - INFO - Sending message to Host ID #3 "b'\x80\x00\x00\x00l\x00\x00\x00\x05\x06\x00\x0bsauron"Test info"'"
2025-06-21 00:28:19,548 - IRCServer[55056] - INFO - Sending message to Host ID #4 "b'\x80\x00\x00\x00l\x00\x00\x00\x08\x06\x00\x0bsauron"Test info"'"
2025-06-21 00:28:19,548 - IRCServer[55056] - INFO - Received msg from Host ID #108 "b'\x80\x00\x00\x00l\x00\x00\x00\x07\x06\x00\x0bsauron"Test info"'"
2025-06-21 00:28:19,549 - IRCServer[55056] - INFO - Received msg from Host ID #4 "b'\x01\x00\x00\x00\x04\x00\x00\x00\x00\x00\x02\x00\x00\x00+A machine is already registered with ID 108'"
2025-06-21 00:28:19,549 - IRCServer[55056] - INFO - Sending message to Host ID #4 "b'\x80\x00\x00\x00l\x00\x00\x00\t\x06\x00\x0bsauron"Test info"'"
2025-06-21 00:28:19,550 - IRCServer[55056] - INFO - Received message from Host ID #108 "b'\x80\x00\x00\x00l\x00\x00\x00\x01\x06\x00\x0bsauron"Test info"'"
2025-06-21 00:28:19,550 - IRCServer[55056] - INFO - Received msg from Host ID #108 "b'\x80\x00\x00\x00l\x00\x00\x00\x01\x06\x00\x0bsauron"Test info"'"
2025-06-21 00:28:19,550 - IRCServer[55056] - INFO - Received msg from Host ID #108 "b'\x80\x00\x00\x00l\x00\x00\x00\x01\x06\x00\x0bsauron"Test info"'"
2025-06-21 00:28:19,551 - IRCServer[55056] - INFO - Sending message to Host ID #4 "b'\x80\x00\x00\x00l\x00\x00\x00\x05\x06\x00\x0bsauron"Test info"'"
2025-06-21 00:28:19,551 - IRCServer[55056] - INFO - Received message from Host ID #108 "b'\x80\x00\x00\x00l\x00\x00\x00\x01\x06\x00\x0bsauron"Test info"'"
2025-06-21 00:28:19,551 - IRCServer[55056] - INFO - Sending message to Host ID #5 "b'\x80\x00\x00\x00l\x00\x00\x00\x08\x06\x00\x0bsauron"Test info"'"
2025-06-21 00:28:19,552 - IRCServer[55056] - INFO - Sending message to an unknown IO device "b'\x01\x00\x00\x00\x04\x00\x00\x00\x00\x00\x02\x00\x00\x00+A machine is already registered with ID 108'"
2025-06-21 00:28:19,553 - IRCServer[55056] - INFO - Sending message to Host ID #2 "b'\x80\x00\x00\x00l\x00\x00\x00\t\x06\x00\x0bsauron"Test info"'"
2025-06-21 00:28:19,554 - IRCServer[55056] - INFO - Sending message to Host ID #104 "b'\x80\x00\x00\x00l\x00\x00\x00\x03\x06\x00\x0bsauron"Test info"'"
2025-06-21 00:28:19,555 - IRCServer[55056] - INFO - Sending message to an unknown IO device "b'\x01\x00\x00\x00\x02\x00\x00\x00\x00\x00\x02\x00\x00\x00+A machine is already registered with ID 108'"
2025-06-21 00:28:19,558 - IRCServer[55056] - INFO - Received message from Host ID #108 "b'\x80\x00\x00\x00l\x00\x00\x00\x05\x06\x00\x0bsauron"Test info"'"
2025-06-21 00:28:19,559 - IRCServer[55056] - INFO - Sending message to Host ID #6 "b'\x80\x00\x00\x00l\x00\x00\x00\x08\x06\x00\x0bsauron"Test info"'"
2025-06-21 00:28:19,560 - IRCServer[55056] - INFO - Sending message to Host ID #1 "b'\x80\x00\x00\x00l\x00\x00\x00\t\x06\x00\x0bsauron"Test info"'"
2025-06-21 00:28:19,561 - IRCServer[55056] - INFO - Sending message to Host ID #1 "b'\x80\x00\x00\x00l\x00\x00\x00\x03\x06\x00\x0bsauron"Test info"'"
2025-06-21 00:28:19,561 - IRCServer[55056] - INFO - Received msg from Host ID #4 "b'\x01\x00\x00\x00\x04\x00\x00\x00\x00\x00\x02\x00\x00\x00+A machine is already registered with ID 108'"
2025-06-21 00:28:19,562 - IRCServer[55056] - INFO - Received msg from Host ID #108 "b'\x80\x00\x00\x00l\x00\x00\x00\n\x06\x00\x0bsauron"Test info"'"
2025-06-21 00:28:19,562 - IRCServer[55056] - INFO - Received msg from Host ID #2 "b'\x01\x00\x00\x00\x02\x00\x00\x00\x00\x00\x02\x00\x00\x00+A machine is already registered with ID 108'"
2025-06-21 00:28:19,562 - IRCServer[55056] - INFO - Received msg from Host ID #108 "b'\x80\x00\x00\x00l\x00\x00\x00\x05\x06\x00\x0bsauron"Test info"'"
2025-06-21 00:28:19,563 - IRCServer[55056] - INFO - Sending message to Host ID #7 "b'\x80\x00\x00\x00l\x00\x00\x00\x08\x06\x00\x0bsauron"Test info"'"
2025-06-21 00:28:19,564 - IRCServer[55056] - INFO - Sending message to Host ID #3 "b'\x80\x00\x00\x00l\x00\x00\x00\t\x06\x00\x0bsauron"Test info"'"
2025-06-21 00:28:19,564 - IRCServer[55056] - INFO - Sending message to Host ID #2 "b'\x80\x00\x00\x00l\x00\x00\x00\x03\x06\x00\x0bsauron"Test info"'"
2025-06-21 00:28:19,566 - IRCServer[55056] - INFO - Sending message to an unknown IO device "b'\x01\x00\x00\x00\x04\x00\x00\x00\x00\x00\x02\x00\x00\x00+A machine is already registered with ID 108'"
2025-06-21 00:28:19,567 - IRCServer[55056] - INFO - Sending message to an unknown IO device "b'\x01\x00\x00\x00\x02\x00\x00\x00\x00\x00\x02\x00\x00\x00+A machine is already registered with ID 108'"
2025-06-21 00:28:19,568 - IRCServer[55056] - INFO - Sending message to Host ID #5 "b'\x80\x00\x00\x00l\x00\x00\x00\t\x06\x00\x0bsauron"Test info"'"
2025-06-21 00:28:19,569 - IRCServer[55056] - INFO - Received msg from Host ID #108 "b'\x80\x00\x00\x00l\x00\x00\x00\x03\x06\x00\x0bsauron"Test info"'"
2025-06-21 00:28:19,569 - IRCServer[55056] - INFO - Received message from Host ID #108 "b'\x80\x00\x00\x00l\x00\x00\x00\x03\x06\x00\x0bsauron"Test info"'"
2025-06-21 00:28:19,570 - IRCServer[55056] - INFO - Received msg from Host ID #4 "b'\x01\x00\x00\x00\x04\x00\x00\x00\x00\x00\x02\x00\x00\x00+A machine is already registered with ID 108'"
2025-06-21 00:28:19,572 - IRCServer[55056] - INFO - Received msg from Host ID #108 "b'\x80\x00\x00\x00l\x00\x00\x00\x08\x06\x00\x0bsauron"Test info"'"
2025-06-21 00:28:19,572 - IRCServer[55056] - INFO - Received msg from Host ID #2 "b'\x01\x00\x00\x00\x02\x00\x00\x00\x00\x00\x02\x00\x00\x00+A machine is already registered with ID 108'"
2025-06-21 00:28:19,573 - IRCServer[55056] - INFO - Sending message to Host ID #7 "b'\x80\x00\x00\x00l\x00\x00\x00\t\x06\x00\x0bsauron"Test info"'"
2025-06-21 00:28:19,573 - IRCServer[55056] - INFO - Sending message to an unknown IO device "b'\x01\x00\x00\x00\x01\x00\x00\x00\x00\x00\x02\x00\x00\x00+A machine is already registered with ID 108'"
2025-06-21 00:28:19,576 - IRCServer[55056] - INFO - Sending message to an unknown IO device "b'\x01\x00\x00\x00\x02\x00\x00\x00\x00\x00\x02\x00\x00\x00+A machine is already registered with ID 108'"
2025-06-21 00:28:19,577 - IRCServer[55056] - INFO - Sending message to Host ID #8 "b'\x80\x00\x00\x00l\x00\x00\x00\t\x06\x00\x0bsauron"Test info"'"
2025-06-21 00:28:19,578 - IRCServer[55056] - INFO - Received msg from Host ID #1 "b'\x01\x00\x00\x00\x01\x00\x00\x00\x00\x00\x02\x00\x00\x00+A machine is already registered with ID 108'"
2025-06-21 00:28:19,579 - IRCServer[55056] - INFO - Received msg from Host ID #2 "b'\x01\x00\x00\x00\x02\x00\x00\x00\x00\x00\x02\x00\x00\x00+A machine is already registered with ID 108'"
2025-06-21 00:28:19,581 - IRCServer[55056] - INFO - Received msg from Host ID #108 "b'\x80\x00\x00\x00l\x00\x00\x00\t\x06\x00\x0bsauron"Test info"'"
2025-06-21 00:28:19,583 - IRCServer[55056] - INFO - Sending message to an unknown IO device "b'\x01\x00\x00\x00\x06\x00\x00\x00\x00\x00\x02\x00\x00\x00+A machine is already registered with ID 108'"
2025-06-21 00:28:19,588 - IRCServer[55056] - INFO - Received msg from Host ID #6 "b'\x01\x00\x00\x00\x06\x00\x00\x00\x00\x00\x02\x00\x00\x00+A machine is already registered with ID 108'"
2025-06-21 00:28:20,432 - IRCServer[55056] - INFO - Sending message to b'\x81\x00\x00\x00l\x00\x00\x00g\x00\x00\x00\x17"Testing 1 2 3 4 5 6 7"'
2025-06-21 00:28:20,441 - IRCServer[55056] - INFO - Received msg from Host ID #108 "b'\x81\x00\x00\x00l\x00\x00\x00g\x00\x00\x00\x17"Testing 1 2 3 4 5 6 7"'"
2025-06-21 00:28:20,447 - IRCServer[55056] - INFO - Sending message to Host ID #103 "b'\x81\x00\x00\x00l\x00\x00\x00g\x00\x00\x00\x17"Testing 1 2 3 4 5 6 7"'"
2025-06-21 00:28:22,943 - IRCServer[55056] - INFO - Cleaning up the server
2025-06-21 00:28:22,951 - IRCServer[55056] - INFO - Server has disconnected!
2025-06-21 00:28:22,952 - IRCServer[55056] - INFO - Server has disconnected!
2025-06-21 00:28:22,952 - IRCServer[55056] - INFO - Cleaning up the server
2025-06-21 00:28:22,957 - IRCServer[55056] - INFO - Server has disconnected!
2025-06-21 00:28:22,960 - IRCServer[55056] - INFO - Cleaning up the server
2025-06-21 00:28:22,963 - IRCServer[55056] - INFO - Server has disconnected!
2025-06-21 00:28:22,964 - IRCServer[55056] - INFO - Cleaning up the server
2025-06-21 00:28:22,967 - IRCServer[55056] - INFO - Cleaning up the server
2025-06-21 00:28:22,968 - IRCServer[55056] - INFO - Server has disconnected!
2025-06-21 00:28:22,968 - IRCServer[55056] - INFO - Cleaning up the server
2025-06-21 00:28:22,969 - IRCServer[55056] - INFO - Server has disconnected!
2025-06-21 00:28:22,970 - IRCServer[55056] - INFO - Cleaning up the server
2025-06-21 00:28:22,970 - IRCServer[55056] - INFO - Server has disconnected!
2025-06-21 00:28:23,063 - IRCServer[55056] - INFO - Cleaning up the server
2025-06-21 00:28:23,071 - IRCServer[55056] - INFO - Cleaning up the server
2025-06-21 00:28:23,169 - IRCServer[55056] - INFO - Cleaning up the server
2025-06-21 00:28:23,170 - IRCServer[55056] - INFO - Cleaning up the server
2025-06-21 00:28:23,170 - IRCServer[55056] - INFO - Server has disconnected!
