2025-06-20 23:54:01,000 - IRCServer[52736] - INFO - Launching server rivendale...
2025-06-20 23:54:01,001 - IRCServer[52736] - INFO - Configuring the server socket...
2025-06-20 23:54:01,002 - IRCServer[52736] - INFO - Connecting to remote server theshire:32201...
2025-06-20 23:54:01,003 - IRCServer[52736] - INFO - Listening for new connections on port 32202
2025-06-20 23:54:01,004 - IRCServer[52736] - INFO - Received msg from Host ID #2 "b'\x00\x00\x00\x00\x02\x00\x00\x00\x00\t\x00\x0frivendale"Elronds House"'"
2025-06-20 23:54:01,005 - IRCServer[52736] - INFO - Sending message to Host ID #2 "b'\x00\x00\x00\x00\x02\x00\x00\x00\x01\t\x00\x0frivendale"Elronds House"'"
2025-06-20 23:54:01,007 - IRCServer[52736] - INFO - Received msg from Host ID #1 "b'\x00\x00\x00\x00\x01\x00\x00\x00\x01\x08\x00\x15theshire"Home of the Hobbits"'"
2025-06-20 23:54:01,009 - IRCServer[52736] - INFO - Received msg from Host ID #2 "b'\x00\x00\x00\x00\x02\x00\x00\x00\x01\t\x00\x0frivendale"Elronds House"'"
2025-06-20 23:54:01,256 - IRCServer[52736] - INFO - Launching server grey_havens...
2025-06-20 23:54:01,257 - IRCServer[52736] - INFO - Configuring the server socket...
2025-06-20 23:54:01,258 - IRCServer[52736] - INFO - Connecting to remote server theshire:32201...
2025-06-20 23:54:01,259 - IRCServer[52736] - INFO - Listening for new connections on port 32203
2025-06-20 23:54:01,259 - IRCServer[52736] - INFO - Received msg from Host ID #3 "b'\x00\x00\x00\x00\x03\x00\x00\x00\x00\x0b\x00\x1cgrey_havens"Gates to the Blessed Realm"'"
2025-06-20 23:54:01,260 - IRCServer[52736] - INFO - Sending message to Host ID #2 "b'\x00\x00\x00\x00\x03\x00\x00\x00\x01\x0b\x00\x1cgrey_havens"Gates to the Blessed Realm"'"
2025-06-20 23:54:01,260 - IRCServer[52736] - INFO - Sending message to Host ID #3 "b'\x00\x00\x00\x00\x03\x00\x00\x00\x01\x0b\x00\x1cgrey_havens"Gates to the Blessed Realm"'"
2025-06-20 23:54:01,261 - IRCServer[52736] - INFO - Received msg from Host ID #3 "b'\x00\x00\x00\x00\x03\x00\x00\x00\x01\x0b\x00\x1cgrey_havens"Gates to the Blessed Realm"'"
2025-06-20 23:54:01,261 - IRCServer[52736] - INFO - Received msg from Host ID #1 "b'\x00\x00\x00\x00\x01\x00\x00\x00\x01\x08\x00\x15theshire"Home of the Hobbits"'"
2025-06-20 23:54:01,262 - IRCServer[52736] - INFO - Received msg from Host ID #2 "b'\x00\x00\x00\x00\x02\x00\x00\x00\x01\t\x00\x0frivendale"Elronds House"'"
2025-06-20 23:54:01,263 - IRCServer[52736] - INFO - Received msg from Host ID #3 "b'\x00\x00\x00\x00\x03\x00\x00\x00\x01\x0b\x00\x1cgrey_havens"Gates to the Blessed Realm"'"
2025-06-20 23:54:01,511 - IRCServer[52736] - INFO - Launching server lothlorien...
2025-06-20 23:54:01,512 - IRCServer[52736] - INFO - Configuring the server socket...
2025-06-20 23:54:01,513 - IRCServer[52736] - INFO - Connecting to remote server rivendale:32202...
2025-06-20 23:54:01,514 - IRCServer[52736] - INFO - Listening for new connections on port 32204
2025-06-20 23:54:01,515 - IRCServer[52736] - INFO - Received msg from Host ID #4 "b'\x00\x00\x00\x00\x04\x00\x00\x00\x00\n\x00\x11lothlorien"The Golden Wood"'"
2025-06-20 23:54:01,515 - IRCServer[52736] - INFO - Sending message to Host ID #4 "b'\x00\x00\x00\x00\x04\x00\x00\x00\x02\n\x00\x11lothlorien"The Golden Wood"'"
2025-06-20 23:54:01,516 - IRCServer[52736] - INFO - Received msg from Host ID #2 "b'\x00\x00\x00\x00\x02\x00\x00\x00\x02\t\x00\x0frivendale"Elronds House"'"
2025-06-20 23:54:01,517 - IRCServer[52736] - INFO - Received msg from Host ID #1 "b'\x00\x00\x00\x00\x01\x00\x00\x00\x02\x08\x00\x15theshire"Home of the Hobbits"'"
2025-06-20 23:54:01,517 - IRCServer[52736] - INFO - Received msg from Host ID #3 "b'\x00\x00\x00\x00\x03\x00\x00\x00\x02\x0b\x00\x1cgrey_havens"Gates to the Blessed Realm"'"
2025-06-20 23:54:01,518 - IRCServer[52736] - INFO - Received msg from Host ID #4 "b'\x00\x00\x00\x00\x04\x00\x00\x00\x02\n\x00\x11lothlorien"The Golden Wood"'"
2025-06-20 23:54:01,764 - IRCServer[52736] - INFO - Launching server moria...
2025-06-20 23:54:01,766 - IRCServer[52736] - INFO - Configuring the server socket...
2025-06-20 23:54:01,769 - IRCServer[52736] - INFO - Connecting to remote server rivendale:32202...
2025-06-20 23:54:01,771 - IRCServer[52736] - INFO - Listening for new connections on port 32205
2025-06-20 23:54:01,772 - IRCServer[52736] - INFO - Received msg from Host ID #5 "b'\x00\x00\x00\x00\x05\x00\x00\x00\x00\x05\x00\x0fmoria"The Black Pit"'"
2025-06-20 23:54:01,773 - IRCServer[52736] - INFO - Sending message to Host ID #4 "b'\x00\x00\x00\x00\x05\x00\x00\x00\x02\x05\x00\x0fmoria"The Black Pit"'"
2025-06-20 23:54:01,775 - IRCServer[52736] - INFO - Sending message to Host ID #5 "b'\x00\x00\x00\x00\x05\x00\x00\x00\x02\x05\x00\x0fmoria"The Black Pit"'"
2025-06-20 23:54:01,776 - IRCServer[52736] - INFO - Received msg from Host ID #5 "b'\x00\x00\x00\x00\x05\x00\x00\x00\x02\x05\x00\x0fmoria"The Black Pit"'"
2025-06-20 23:54:01,776 - IRCServer[52736] - INFO - Received msg from Host ID #2 "b'\x00\x00\x00\x00\x02\x00\x00\x00\x02\t\x00\x0frivendale"Elronds House"'"
2025-06-20 23:54:01,778 - IRCServer[52736] - INFO - Received msg from Host ID #1 "b'\x00\x00\x00\x00\x01\x00\x00\x00\x02\x08\x00\x15theshire"Home of the Hobbits"'"
2025-06-20 23:54:01,779 - IRCServer[52736] - INFO - Received msg from Host ID #3 "b'\x00\x00\x00\x00\x03\x00\x00\x00\x02\x0b\x00\x1cgrey_havens"Gates to the Blessed Realm"'"
2025-06-20 23:54:01,780 - IRCServer[52736] - INFO - Received msg from Host ID #4 "b'\x00\x00\x00\x00\x04\x00\x00\x00\x02\n\x00\x11lothlorien"The Golden Wood"'"
2025-06-20 23:54:01,781 - IRCServer[52736] - INFO - Received msg from Host ID #5 "b'\x00\x00\x00\x00\x05\x00\x00\x00\x02\x05\x00\x0fmoria"The Black Pit"'"
2025-06-20 23:54:02,020 - IRCServer[52736] - INFO - Launching server edoras...
2025-06-20 23:54:02,024 - IRCServer[52736] - INFO - Configuring the server socket...
2025-06-20 23:54:02,026 - IRCServer[52736] - INFO - Connecting to remote server lothlorien:32204...
2025-06-20 23:54:02,027 - IRCServer[52736] - INFO - Listening for new connections on port 32206
2025-06-20 23:54:02,030 - IRCServer[52736] - INFO - Received msg from Host ID #6 "b'\x00\x00\x00\x00\x06\x00\x00\x00\x00\x06\x00%edoras"Home of the Golden Hall of Meduseld"'"
2025-06-20 23:54:02,031 - IRCServer[52736] - INFO - Sending message to Host ID #6 "b'\x00\x00\x00\x00\x06\x00\x00\x00\x04\x06\x00%edoras"Home of the Golden Hall of Meduseld"'"
2025-06-20 23:54:02,032 - IRCServer[52736] - INFO - Received msg from Host ID #4 "b'\x00\x00\x00\x00\x04\x00\x00\x00\x04\n\x00\x11lothlorien"The Golden Wood"'"
2025-06-20 23:54:02,033 - IRCServer[52736] - INFO - Received msg from Host ID #2 "b'\x00\x00\x00\x00\x02\x00\x00\x00\x04\t\x00\x0frivendale"Elronds House"'"
2025-06-20 23:54:02,034 - IRCServer[52736] - INFO - Received msg from Host ID #1 "b'\x00\x00\x00\x00\x01\x00\x00\x00\x04\x08\x00\x15theshire"Home of the Hobbits"'"
2025-06-20 23:54:02,035 - IRCServer[52736] - INFO - Received msg from Host ID #3 "b'\x00\x00\x00\x00\x03\x00\x00\x00\x04\x0b\x00\x1cgrey_havens"Gates to the Blessed Realm"'"
2025-06-20 23:54:02,037 - IRCServer[52736] - INFO - Received msg from Host ID #5 "b'\x00\x00\x00\x00\x05\x00\x00\x00\x04\x05\x00\x0fmoria"The Black Pit"'"
2025-06-20 23:54:02,039 - IRCServer[52736] - INFO - Received msg from Host ID #6 "b'\x00\x00\x00\x00\x06\x00\x00\x00\x04\x06\x00%edoras"Home of the Golden Hall of Meduseld"'"
2025-06-20 23:54:02,276 - IRCServer[52736] - INFO - Launching server minastirith...
2025-06-20 23:54:02,277 - IRCServer[52736] - INFO - Configuring the server socket...
2025-06-20 23:54:02,279 - IRCServer[52736] - INFO - Connecting to remote server lothlorien:32204...
2025-06-20 23:54:02,284 - IRCServer[52736] - INFO - Listening for new connections on port 32207
2025-06-20 23:54:02,287 - IRCServer[52736] - INFO - Received msg from Host ID #7 "b'\x00\x00\x00\x00\x07\x00\x00\x00\x00\x0b\x00\x10minastirith"Tower of Guard"'"
2025-06-20 23:54:02,289 - IRCServer[52736] - INFO - Sending message to Host ID #6 "b'\x00\x00\x00\x00\x07\x00\x00\x00\x04\x0b\x00\x10minastirith"Tower of Guard"'"
2025-06-20 23:54:02,290 - IRCServer[52736] - INFO - Sending message to Host ID #7 "b'\x00\x00\x00\x00\x07\x00\x00\x00\x04\x0b\x00\x10minastirith"Tower of Guard"'"
2025-06-20 23:54:02,292 - IRCServer[52736] - INFO - Received msg from Host ID #7 "b'\x00\x00\x00\x00\x07\x00\x00\x00\x04\x0b\x00\x10minastirith"Tower of Guard"'"
2025-06-20 23:54:02,292 - IRCServer[52736] - INFO - Received msg from Host ID #4 "b'\x00\x00\x00\x00\x04\x00\x00\x00\x04\n\x00\x11lothlorien"The Golden Wood"'"
2025-06-20 23:54:02,294 - IRCServer[52736] - INFO - Received msg from Host ID #2 "b'\x00\x00\x00\x00\x02\x00\x00\x00\x04\t\x00\x0frivendale"Elronds House"'"
2025-06-20 23:54:02,296 - IRCServer[52736] - INFO - Received msg from Host ID #1 "b'\x00\x00\x00\x00\x01\x00\x00\x00\x04\x08\x00\x15theshire"Home of the Hobbits"'"
2025-06-20 23:54:02,299 - IRCServer[52736] - INFO - Received msg from Host ID #3 "b'\x00\x00\x00\x00\x03\x00\x00\x00\x04\x0b\x00\x1cgrey_havens"Gates to the Blessed Realm"'"
2025-06-20 23:54:02,301 - IRCServer[52736] - INFO - Received msg from Host ID #5 "b'\x00\x00\x00\x00\x05\x00\x00\x00\x04\x05\x00\x0fmoria"The Black Pit"'"
2025-06-20 23:54:02,303 - IRCServer[52736] - INFO - Received msg from Host ID #6 "b'\x00\x00\x00\x00\x06\x00\x00\x00\x04\x06\x00%edoras"Home of the Golden Hall of Meduseld"'"
2025-06-20 23:54:02,304 - IRCServer[52736] - INFO - Received msg from Host ID #7 "b'\x00\x00\x00\x00\x07\x00\x00\x00\x04\x0b\x00\x10minastirith"Tower of Guard"'"
2025-06-20 23:54:02,530 - IRCServer[52736] - INFO - Launching server mirkwood...
2025-06-20 23:54:02,534 - IRCServer[52736] - INFO - Configuring the server socket...
2025-06-20 23:54:02,537 - IRCServer[52736] - INFO - Connecting to remote server rivendale:32202...
2025-06-20 23:54:02,540 - IRCServer[52736] - INFO - Listening for new connections on port 32208
2025-06-20 23:54:02,544 - IRCServer[52736] - INFO - Received msg from Host ID #8 "b'\x00\x00\x00\x00\x08\x00\x00\x00\x00\x08\x00\x15mirkwood"Wood of Greenleaves"'"
2025-06-20 23:54:02,547 - IRCServer[52736] - INFO - Sending message to Host ID #4 "b'\x00\x00\x00\x00\x08\x00\x00\x00\x02\x08\x00\x15mirkwood"Wood of Greenleaves"'"
2025-06-20 23:54:02,548 - IRCServer[52736] - INFO - Sending message to Host ID #5 "b'\x00\x00\x00\x00\x08\x00\x00\x00\x02\x08\x00\x15mirkwood"Wood of Greenleaves"'"
2025-06-20 23:54:02,550 - IRCServer[52736] - INFO - Sending message to Host ID #8 "b'\x00\x00\x00\x00\x08\x00\x00\x00\x02\x08\x00\x15mirkwood"Wood of Greenleaves"'"
2025-06-20 23:54:02,554 - IRCServer[52736] - INFO - Received msg from Host ID #8 "b'\x00\x00\x00\x00\x08\x00\x00\x00\x02\x08\x00\x15mirkwood"Wood of Greenleaves"'"
2025-06-20 23:54:02,554 - IRCServer[52736] - INFO - Received msg from Host ID #8 "b'\x00\x00\x00\x00\x08\x00\x00\x00\x02\x08\x00\x15mirkwood"Wood of Greenleaves"'"
2025-06-20 23:54:02,554 - IRCServer[52736] - INFO - Received msg from Host ID #2 "b'\x00\x00\x00\x00\x02\x00\x00\x00\x02\t\x00\x0frivendale"Elronds House"'"
2025-06-20 23:54:02,556 - IRCServer[52736] - INFO - Sending message to Host ID #6 "b'\x00\x00\x00\x00\x08\x00\x00\x00\x04\x08\x00\x15mirkwood"Wood of Greenleaves"'"
2025-06-20 23:54:02,557 - IRCServer[52736] - INFO - Received msg from Host ID #1 "b'\x00\x00\x00\x00\x01\x00\x00\x00\x02\x08\x00\x15theshire"Home of the Hobbits"'"
2025-06-20 23:54:02,558 - IRCServer[52736] - INFO - Sending message to Host ID #7 "b'\x00\x00\x00\x00\x08\x00\x00\x00\x04\x08\x00\x15mirkwood"Wood of Greenleaves"'"
2025-06-20 23:54:02,561 - IRCServer[52736] - INFO - Received msg from Host ID #3 "b'\x00\x00\x00\x00\x03\x00\x00\x00\x02\x0b\x00\x1cgrey_havens"Gates to the Blessed Realm"'"
2025-06-20 23:54:02,563 - IRCServer[52736] - INFO - Received msg from Host ID #8 "b'\x00\x00\x00\x00\x08\x00\x00\x00\x04\x08\x00\x15mirkwood"Wood of Greenleaves"'"
2025-06-20 23:54:02,563 - IRCServer[52736] - INFO - Received msg from Host ID #4 "b'\x00\x00\x00\x00\x04\x00\x00\x00\x02\n\x00\x11lothlorien"The Golden Wood"'"
2025-06-20 23:54:02,563 - IRCServer[52736] - INFO - Received msg from Host ID #8 "b'\x00\x00\x00\x00\x08\x00\x00\x00\x04\x08\x00\x15mirkwood"Wood of Greenleaves"'"
2025-06-20 23:54:02,566 - IRCServer[52736] - INFO - Received msg from Host ID #5 "b'\x00\x00\x00\x00\x05\x00\x00\x00\x02\x05\x00\x0fmoria"The Black Pit"'"
2025-06-20 23:54:02,569 - IRCServer[52736] - INFO - Received msg from Host ID #8 "b'\x00\x00\x00\x00\x08\x00\x00\x00\x02\x08\x00\x15mirkwood"Wood of Greenleaves"'"
2025-06-20 23:54:02,786 - IRCServer[52736] - INFO - Launching server isengard...
2025-06-20 23:54:02,790 - IRCServer[52736] - INFO - Configuring the server socket...
2025-06-20 23:54:02,792 - IRCServer[52736] - INFO - Connecting to remote server edoras:32206...
2025-06-20 23:54:02,794 - IRCServer[52736] - INFO - Listening for new connections on port 32209
2025-06-20 23:54:02,797 - IRCServer[52736] - INFO - Received msg from Host ID #9 "b'\x00\x00\x00\x00\t\x00\x00\x00\x00\x08\x00\x1disengard"Angrenost, The Iron Fortres"'"
2025-06-20 23:54:02,800 - IRCServer[52736] - INFO - Sending message to Host ID #9 "b'\x00\x00\x00\x00\t\x00\x00\x00\x06\x08\x00\x1disengard"Angrenost, The Iron Fortres"'"
2025-06-20 23:54:02,802 - IRCServer[52736] - INFO - Received msg from Host ID #6 "b'\x00\x00\x00\x00\x06\x00\x00\x00\x06\x06\x00%edoras"Home of the Golden Hall of Meduseld"'"
2025-06-20 23:54:02,805 - IRCServer[52736] - INFO - Received msg from Host ID #4 "b'\x00\x00\x00\x00\x04\x00\x00\x00\x06\n\x00\x11lothlorien"The Golden Wood"'"
2025-06-20 23:54:02,808 - IRCServer[52736] - INFO - Received msg from Host ID #2 "b'\x00\x00\x00\x00\x02\x00\x00\x00\x06\t\x00\x0frivendale"Elronds House"'"
2025-06-20 23:54:02,811 - IRCServer[52736] - INFO - Received msg from Host ID #1 "b'\x00\x00\x00\x00\x01\x00\x00\x00\x06\x08\x00\x15theshire"Home of the Hobbits"'"
2025-06-20 23:54:02,815 - IRCServer[52736] - INFO - Received msg from Host ID #3 "b'\x00\x00\x00\x00\x03\x00\x00\x00\x06\x0b\x00\x1cgrey_havens"Gates to the Blessed Realm"'"
2025-06-20 23:54:02,817 - IRCServer[52736] - INFO - Received msg from Host ID #5 "b'\x00\x00\x00\x00\x05\x00\x00\x00\x06\x05\x00\x0fmoria"The Black Pit"'"
2025-06-20 23:54:02,820 - IRCServer[52736] - INFO - Received msg from Host ID #7 "b'\x00\x00\x00\x00\x07\x00\x00\x00\x06\x0b\x00\x10minastirith"Tower of Guard"'"
2025-06-20 23:54:02,822 - IRCServer[52736] - INFO - Received msg from Host ID #8 "b'\x00\x00\x00\x00\x08\x00\x00\x00\x06\x08\x00\x15mirkwood"Wood of Greenleaves"'"
2025-06-20 23:54:02,824 - IRCServer[52736] - INFO - Received msg from Host ID #9 "b'\x00\x00\x00\x00\t\x00\x00\x00\x06\x08\x00\x1disengard"Angrenost, The Iron Fortres"'"
2025-06-20 23:54:03,044 - IRCServer[52736] - INFO - Launching server osgiliath...
2025-06-20 23:54:03,049 - IRCServer[52736] - INFO - Configuring the server socket...
2025-06-20 23:54:03,051 - IRCServer[52736] - INFO - Connecting to remote server minastirith:32207...
2025-06-20 23:54:03,056 - IRCServer[52736] - INFO - Listening for new connections on port 32210
2025-06-20 23:54:03,058 - IRCServer[52736] - INFO - Received msg from Host ID #10 "b'\x00\x00\x00\x00\n\x00\x00\x00\x00\t\x00\x16osgiliath"Citadel of the Stars"'"
2025-06-20 23:54:03,061 - IRCServer[52736] - INFO - Sending message to Host ID #10 "b'\x00\x00\x00\x00\n\x00\x00\x00\x07\t\x00\x16osgiliath"Citadel of the Stars"'"
2025-06-20 23:54:03,063 - IRCServer[52736] - INFO - Received msg from Host ID #7 "b'\x00\x00\x00\x00\x07\x00\x00\x00\x07\x0b\x00\x10minastirith"Tower of Guard"'"
2025-06-20 23:54:03,065 - IRCServer[52736] - INFO - Received msg from Host ID #4 "b'\x00\x00\x00\x00\x04\x00\x00\x00\x07\n\x00\x11lothlorien"The Golden Wood"'"
2025-06-20 23:54:03,069 - IRCServer[52736] - INFO - Received msg from Host ID #2 "b'\x00\x00\x00\x00\x02\x00\x00\x00\x07\t\x00\x0frivendale"Elronds House"'"
2025-06-20 23:54:03,071 - IRCServer[52736] - INFO - Received msg from Host ID #1 "b'\x00\x00\x00\x00\x01\x00\x00\x00\x07\x08\x00\x15theshire"Home of the Hobbits"'"
2025-06-20 23:54:03,075 - IRCServer[52736] - INFO - Received msg from Host ID #3 "b'\x00\x00\x00\x00\x03\x00\x00\x00\x07\x0b\x00\x1cgrey_havens"Gates to the Blessed Realm"'"
2025-06-20 23:54:03,078 - IRCServer[52736] - INFO - Received msg from Host ID #5 "b'\x00\x00\x00\x00\x05\x00\x00\x00\x07\x05\x00\x0fmoria"The Black Pit"'"
2025-06-20 23:54:03,081 - IRCServer[52736] - INFO - Received msg from Host ID #6 "b'\x00\x00\x00\x00\x06\x00\x00\x00\x07\x06\x00%edoras"Home of the Golden Hall of Meduseld"'"
2025-06-20 23:54:03,083 - IRCServer[52736] - INFO - Received msg from Host ID #8 "b'\x00\x00\x00\x00\x08\x00\x00\x00\x07\x08\x00\x15mirkwood"Wood of Greenleaves"'"
2025-06-20 23:54:03,086 - IRCServer[52736] - INFO - Received msg from Host ID #10 "b'\x00\x00\x00\x00\n\x00\x00\x00\x07\t\x00\x16osgiliath"Citadel of the Stars"'"
2025-06-20 23:54:03,303 - IRCServer[52736] - INFO - Launching server barad-dur...
2025-06-20 23:54:03,305 - IRCServer[52736] - INFO - Configuring the server socket...
2025-06-20 23:54:03,311 - IRCServer[52736] - INFO - Connecting to remote server minastirith:32207...
2025-06-20 23:54:03,313 - IRCServer[52736] - INFO - Listening for new connections on port 32211
2025-06-20 23:54:03,316 - IRCServer[52736] - INFO - Received msg from Host ID #11 "b'\x00\x00\x00\x00\x0b\x00\x00\x00\x00\t\x00\x10barad-dur"The Dark Tower"'"
2025-06-20 23:54:03,317 - IRCServer[52736] - INFO - Sending message to Host ID #10 "b'\x00\x00\x00\x00\x0b\x00\x00\x00\x07\t\x00\x10barad-dur"The Dark Tower"'"
2025-06-20 23:54:03,320 - IRCServer[52736] - INFO - Sending message to Host ID #11 "b'\x00\x00\x00\x00\x0b\x00\x00\x00\x07\t\x00\x10barad-dur"The Dark Tower"'"
2025-06-20 23:54:03,323 - IRCServer[52736] - INFO - Received msg from Host ID #7 "b'\x00\x00\x00\x00\x07\x00\x00\x00\x07\x0b\x00\x10minastirith"Tower of Guard"'"
2025-06-20 23:54:03,324 - IRCServer[52736] - INFO - Received msg from Host ID #11 "b'\x00\x00\x00\x00\x0b\x00\x00\x00\x07\t\x00\x10barad-dur"The Dark Tower"'"
2025-06-20 23:54:03,327 - IRCServer[52736] - INFO - Received msg from Host ID #4 "b'\x00\x00\x00\x00\x04\x00\x00\x00\x07\n\x00\x11lothlorien"The Golden Wood"'"
2025-06-20 23:54:03,331 - IRCServer[52736] - INFO - Received msg from Host ID #2 "b'\x00\x00\x00\x00\x02\x00\x00\x00\x07\t\x00\x0frivendale"Elronds House"'"
2025-06-20 23:54:03,334 - IRCServer[52736] - INFO - Received msg from Host ID #1 "b'\x00\x00\x00\x00\x01\x00\x00\x00\x07\x08\x00\x15theshire"Home of the Hobbits"'"
2025-06-20 23:54:03,337 - IRCServer[52736] - INFO - Received msg from Host ID #3 "b'\x00\x00\x00\x00\x03\x00\x00\x00\x07\x0b\x00\x1cgrey_havens"Gates to the Blessed Realm"'"
2025-06-20 23:54:03,340 - IRCServer[52736] - INFO - Received msg from Host ID #5 "b'\x00\x00\x00\x00\x05\x00\x00\x00\x07\x05\x00\x0fmoria"The Black Pit"'"
2025-06-20 23:54:03,343 - IRCServer[52736] - INFO - Received msg from Host ID #6 "b'\x00\x00\x00\x00\x06\x00\x00\x00\x07\x06\x00%edoras"Home of the Golden Hall of Meduseld"'"
2025-06-20 23:54:03,346 - IRCServer[52736] - INFO - Received msg from Host ID #8 "b'\x00\x00\x00\x00\x08\x00\x00\x00\x07\x08\x00\x15mirkwood"Wood of Greenleaves"'"
2025-06-20 23:54:03,350 - IRCServer[52736] - INFO - Received msg from Host ID #10 "b'\x00\x00\x00\x00\n\x00\x00\x00\x07\t\x00\x16osgiliath"Citadel of the Stars"'"
2025-06-20 23:54:03,353 - IRCServer[52736] - INFO - Received msg from Host ID #11 "b'\x00\x00\x00\x00\x0b\x00\x00\x00\x07\t\x00\x10barad-dur"The Dark Tower"'"
2025-06-20 23:54:04,808 - IRCServer[52736] - INFO - Cleaning up the server
2025-06-20 23:54:04,815 - IRCServer[52736] - INFO - Cleaning up the server
2025-06-20 23:54:04,917 - IRCServer[52736] - INFO - Cleaning up the server
2025-06-20 23:54:04,920 - IRCServer[52736] - INFO - Cleaning up the server
2025-06-20 23:54:05,022 - IRCServer[52736] - INFO - Cleaning up the server
2025-06-20 23:54:05,023 - IRCServer[52736] - INFO - Cleaning up the server
2025-06-20 23:54:05,024 - IRCServer[52736] - INFO - Cleaning up the server
2025-06-20 23:54:05,123 - IRCServer[52736] - INFO - Cleaning up the server
2025-06-20 23:54:05,125 - IRCServer[52736] - INFO - Cleaning up the server
2025-06-20 23:54:05,227 - IRCServer[52736] - INFO - Cleaning up the server
2025-06-20 23:54:05,328 - IRCServer[52736] - INFO - Cleaning up the server
025-06-20 23:54:03,071 - IRCServer[52736] - INFO - Received msg from Host ID #1 "b'\x00\x00\x00\x00\x01\x00\x00\x00\x07\x08\x00\x15theshire"Home of the Hobbits"'"
2025-06-20 23:54:03,075 - IRCServer[52736] - INFO - Received msg from Host ID #3 "b'\x00\x00\x00\x00\x03\x00\x00\x00\x07\x0b\x00\x1cgrey_havens"Gates to the Blessed Realm"'"
2025-06-20 23:54:03,078 - IRCServer[52736] - INFO - Received msg from Host ID #5 "b'\x00\x00\x00\x00\x05\x00\x00\x00\x07\x05\x00\x0fmoria"The Black Pit"'"
2025-06-20 23:54:03,081 - IRCServer[52736] - INFO - Received msg from Host ID #6 "b'\x00\x00\x00\x00\x06\x00\x00\x00\x07\x06\x00%edoras"Home of the Golden Hall of Meduseld"'"
2025-06-20 23:54:03,083 - IRCServer[52736] - INFO - Received msg from Host ID #8 "b'\x00\x00\x00\x00\x08\x00\x00\x00\x07\x08\x00\x15mirkwood"Wood of Greenleaves"'"
2025-06-20 23:54:03,086 - IRCServer[52736] - INFO - Received msg from Host ID #10 "b'\x00\x00\x00\x00\n\x00\x00\x00\x07\t\x00\x16osgiliath"Citadel of the Stars"'"
2025-06-20 23:54:03,303 - IRCServer[52736] - INFO - Launching server barad-dur...
2025-06-20 23:54:03,305 - IRCServer[52736] - INFO - Configuring the server socket...
2025-06-20 23:54:03,311 - IRCServer[52736] - INFO - Connecting to remote server minastirith:32207...
2025-06-20 23:54:03,313 - IRCServer[52736] - INFO - Listening for new connections on port 32211
2025-06-20 23:54:03,316 - IRCServer[52736] - INFO - Received msg from Host ID #11 "b'\x00\x00\x00\x00\x0b\x00\x00\x00\x00\t\x00\x10barad-dur"The Dark Tower"'"
2025-06-20 23:54:03,317 - IRCServer[52736] - INFO - Sending message to Host ID #10 "b'\x00\x00\x00\x00\x0b\x00\x00\x00\x07\t\x00\x10barad-dur"The Dark Tower"'"
2025-06-20 23:54:03,320 - IRCServer[52736] - INFO - Sending message to Host ID #11 "b'\x00\x00\x00\x00\x0b\x00\x00\x00\x07\t\x00\x10barad-dur"The Dark Tower"'"
2025-06-20 23:54:03,323 - IRCServer[52736] - INFO - Received msg from Host ID #7 "b'\x00\x00\x00\x00\x07\x00\x00\x00\x07\x0b\x00\x10minastirith"Tower of Guard"'"
2025-06-20 23:54:03,324 - IRCServer[52736] - INFO - Received msg from Host ID #11 "b'\x00\x00\x00\x00\x0b\x00\x00\x00\x07\t\x00\x10barad-dur"The Dark Tower"'"
2025-06-20 23:54:03,327 - IRCServer[52736] - INFO - Received msg from Host ID #4 "b'\x00\x00\x00\x00\x04\x00\x00\x00\x07\n\x00\x11lothlorien"The Golden Wood"'"
2025-06-20 23:54:03,331 - IRCServer[52736] - INFO - Received msg from Host ID #2 "b'\x00\x00\x00\x00\x02\x00\x00\x00\x07\t\x00\x0frivendale"Elronds House"'"
2025-06-20 23:54:03,334 - IRCServer[52736] - INFO - Received msg from Host ID #1 "b'\x00\x00\x00\x00\x01\x00\x00\x00\x07\x08\x00\x15theshire"Home of the Hobbits"'"
2025-06-20 23:54:03,337 - IRCServer[52736] - INFO - Received msg from Host ID #3 "b'\x00\x00\x00\x00\x03\x00\x00\x00\x07\x0b\x00\x1cgrey_havens"Gates to the Blessed Realm"'"
2025-06-20 23:54:03,340 - IRCServer[52736] - INFO - Received msg from Host ID #5 "b'\x00\x00\x00\x00\x05\x00\x00\x00\x07\x05\x00\x0fmoria"The Black Pit"'"
2025-06-20 23:54:03,343 - IRCServer[52736] - INFO - Received msg from Host ID #6 "b'\x00\x00\x00\x00\x06\x00\x00\x00\x07\x06\x00%edoras"Home of the Golden Hall of Meduseld"'"
2025-06-20 23:54:03,346 - IRCServer[52736] - INFO - Received msg from Host ID #8 "b'\x00\x00\x00\x00\x08\x00\x00\x00\x07\x08\x00\x15mirkwood"Wood of Greenleaves"'"
2025-06-20 23:54:03,350 - IRCServer[52736] - INFO - Received msg from Host ID #10 "b'\x00\x00\x00\x00\n\x00\x00\x00\x07\t\x00\x16osgiliath"Citadel of the Stars"'"
2025-06-20 23:54:03,353 - IRCServer[52736] - INFO - Received msg from Host ID #11 "b'\x00\x00\x00\x00\x0b\x00\x00\x00\x07\t\x00\x10barad-dur"The Dark Tower"'"
2025-06-20 23:54:04,808 - IRCServer[52736] - INFO - Cleaning up the server
2025-06-20 23:54:04,815 - IRCServer[52736] - INFO - Cleaning up the server
2025-06-20 23:54:04,917 - IRCServer[52736] - INFO - Cleaning up the server
2025-06-20 23:54:04,920 - IRCServer[52736] - INFO - Cleaning up the server
2025-06-20 23:54:05,022 - IRCServer[52736] - INFO - Cleaning up the server
2025-06-20 23:54:05,023 - IRCServer[52736] - INFO - Cleaning up the server
2025-06-20 23:54:05,024 - IRCServer[52736] - INFO - Cleaning up the server
2025-06-20 23:54:05,123 - IRCServer[52736] - INFO - Cleaning up the server
2025-06-20 23:54:05,125 - IRCServer[52736] - INFO - Cleaning up the server
2025-06-20 23:54:05,227 - IRCServer[52736] - INFO - Cleaning up the server
2025-06-20 23:54:05,328 - IRCServer[52736] - INFO - Cleaning up the server
 #6 "b'\x00\x00\x00\x00\x06\x00\x00\x00\x07\x06\x00%edoras"Home of the Golden Hall of Meduseld"'"
2025-06-20 23:54:03,346 - IRCServer[52736] - INFO - Received msg from Host ID #8 "b'\x00\x00\x00\x00\x08\x00\x00\x00\x07\x08\x00\x15mirkwood"Wood of Greenleaves"'"
2025-06-20 23:54:03,350 - IRCServer[52736] - INFO - Received msg from Host ID #10 "b'\x00\x00\x00\x00\n\x00\x00\x00\x07\t\x00\x16osgiliath"Citadel of the Stars"'"
2025-06-20 23:54:03,353 - IRCServer[52736] - INFO - Received msg from Host ID #11 "b'\x00\x00\x00\x00\x0b\x00\x00\x00\x07\t\x00\x10barad-dur"The Dark Tower"'"
2025-06-20 23:54:04,808 - IRCServer[52736] - INFO - Cleaning up the server
2025-06-20 23:54:04,815 - IRCServer[52736] - INFO - Cleaning up the server
2025-06-20 23:54:04,917 - IRCServer[52736] - INFO - Cleaning up the server
2025-06-20 23:54:04,920 - IRCServer[52736] - INFO - Cleaning up the server
2025-06-20 23:54:05,022 - IRCServer[52736] - INFO - Cleaning up the server
2025-06-20 23:54:05,023 - IRCServer[52736] - INFO - Cleaning up the server
2025-06-20 23:54:05,024 - IRCServer[52736] - INFO - Cleaning up the server
2025-06-20 23:54:05,123 - IRCServer[52736] - INFO - Cleaning up the server
2025-06-20 23:54:05,125 - IRCServer[52736] - INFO - Cleaning up the server
2025-06-20 23:54:05,227 - IRCServer[52736] - INFO - Cleaning up the server
2025-06-20 23:54:05,328 - IRCServer[52736] - INFO - Cleaning up the server
r barad-dur...
2025-06-20 23:54:03,305 - IRCServer[52736] - INFO - Configuring the server socket...
2025-06-20 23:54:03,311 - IRCServer[52736] - INFO - Connecting to remote server minastirith:32207...
2025-06-20 23:54:03,313 - IRCServer[52736] - INFO - Listening for new connections on port 32211
2025-06-20 23:54:03,316 - IRCServer[52736] - INFO - Received msg from Host ID #11 "b'\x00\x00\x00\x00\x0b\x00\x00\x00\x00\t\x00\x10barad-dur"The Dark Tower"'"
2025-06-20 23:54:03,317 - IRCServer[52736] - INFO - Sending message to Host ID #10 "b'\x00\x00\x00\x00\x0b\x00\x00\x00\x07\t\x00\x10barad-dur"The Dark Tower"'"
2025-06-20 23:54:03,320 - IRCServer[52736] - INFO - Sending message to Host ID #11 "b'\x00\x00\x00\x00\x0b\x00\x00\x00\x07\t\x00\x10barad-dur"The Dark Tower"'"
2025-06-20 23:54:03,323 - IRCServer[52736] - INFO - Received msg from Host ID #7 "b'\x00\x00\x00\x00\x07\x00\x00\x00\x07\x0b\x00\x10minastirith"Tower of Guard"'"
2025-06-20 23:54:03,324 - IRCServer[52736] - INFO - Received msg from Host ID #11 "b'\x00\x00\x00\x00\x0b\x00\x00\x00\x07\t\x00\x10barad-dur"The Dark Tower"'"
2025-06-20 23:54:03,327 - IRCServer[52736] - INFO - Received msg from Host ID #4 "b'\x00\x00\x00\x00\x04\x00\x00\x00\x07\n\x00\x11lothlorien"The Golden Wood"'"
2025-06-20 23:54:03,331 - IRCServer[52736] - INFO - Received msg from Host ID #2 "b'\x00\x00\x00\x00\x02\x00\x00\x00\x07\t\x00\x0frivendale"Elronds House"'"
2025-06-20 23:54:03,334 - IRCServer[52736] - INFO - Received msg from Host ID #1 "b'\x00\x00\x00\x00\x01\x00\x00\x00\x07\x08\x00\x15theshire"Home of the Hobbits"'"
2025-06-20 23:54:03,337 - IRCServer[52736] - INFO - Received msg from Host ID #3 "b'\x00\x00\x00\x00\x03\x00\x00\x00\x07\x0b\x00\x1cgrey_havens"Gates to the Blessed Realm"'"
2025-06-20 23:54:03,340 - IRCServer[52736] - INFO - Received msg from Host ID #5 "b'\x00\x00\x00\x00\x05\x00\x00\x00\x07\x05\x00\x0fmoria"The Black Pit"'"
2025-06-20 23:54:03,343 - IRCServer[52736] - INFO - Received msg from Host ID #6 "b'\x00\x00\x00\x00\x06\x00\x00\x00\x07\x06\x00%edoras"Home of the Golden Hall of Meduseld"'"
2025-06-20 23:54:03,346 - IRCServer[52736] - INFO - Received msg from Host ID #8 "b'\x00\x00\x00\x00\x08\x00\x00\x00\x07\x08\x00\x15mirkwood"Wood of Greenleaves"'"
2025-06-20 23:54:03,350 - IRCServer[52736] - INFO - Received msg from Host ID #10 "b'\x00\x00\x00\x00\n\x00\x00\x00\x07\t\x00\x16osgiliath"Citadel of the Stars"'"
2025-06-20 23:54:03,353 - IRCServer[52736] - INFO - Received msg from Host ID #11 "b'\x00\x00\x00\x00\x0b\x00\x00\x00\x07\t\x00\x10barad-dur"The Dark Tower"'"
2025-06-20 23:54:04,808 - IRCServer[52736] - INFO - Cleaning up the server
2025-06-20 23:54:04,815 - IRCServer[52736] - INFO - Cleaning up the server
2025-06-20 23:54:04,917 - IRCServer[52736] - INFO - Cleaning up the server
2025-06-20 23:54:04,920 - IRCServer[52736] - INFO - Cleaning up the server
2025-06-20 23:54:05,022 - IRCServer[52736] - INFO - Cleaning up the server
2025-06-20 23:54:05,023 - IRCServer[52736] - INFO - Cleaning up the server
2025-06-20 23:54:05,024 - IRCServer[52736] - INFO - Cleaning up the server
2025-06-20 23:54:05,123 - IRCServer[52736] - INFO - Cleaning up the server
2025-06-20 23:54:05,125 - IRCServer[52736] - INFO - Cleaning up the server
2025-06-20 23:54:05,227 - IRCServer[52736] - INFO - Cleaning up the server
2025-06-20 23:54:05,328 - IRCServer[52736] - INFO - Cleaning up the server
alm"'"
2025-06-20 23:54:03,340 - IRCServer[52736] - INFO - Received msg from Host ID #5 "b'\x00\x00\x00\x00\x05\x00\x00\x00\x07\x05\x00\x0fmoria"The Black Pit"'"
2025-06-20 23:54:03,343 - IRCServer[52736] - INFO - Received msg from Host ID #6 "b'\x00\x00\x00\x00\x06\x00\x00\x00\x07\x06\x00%edoras"Home of the Golden Hall of Meduseld"'"
2025-06-20 23:54:03,346 - IRCServer[52736] - INFO - Received msg from Host ID #8 "b'\x00\x00\x00\x00\x08\x00\x00\x00\x07\x08\x00\x15mirkwood"Wood of Greenleaves"'"
2025-06-20 23:54:03,350 - IRCServer[52736] - INFO - Received msg from Host ID #10 "b'\x00\x00\x00\x00\n\x00\x00\x00\x07\t\x00\x16osgiliath"Citadel of the Stars"'"
2025-06-20 23:54:03,353 - IRCServer[52736] - INFO - Received msg from Host ID #11 "b'\x00\x00\x00\x00\x0b\x00\x00\x00\x07\t\x00\x10barad-dur"The Dark Tower"'"
2025-06-20 23:54:04,808 - IRCServer[52736] - INFO - Cleaning up the server
2025-06-20 23:54:04,815 - IRCServer[52736] - INFO - Cleaning up the server
2025-06-20 23:54:04,917 - IRCServer[52736] - INFO - Cleaning up the server
2025-06-20 23:54:04,920 - IRCServer[52736] - INFO - Cleaning up the server
2025-06-20 23:54:05,022 - IRCServer[52736] - INFO - Cleaning up the server
2025-06-20 23:54:05,023 - IRCServer[52736] - INFO - Cleaning up the server
2025-06-20 23:54:05,024 - IRCServer[52736] - INFO - Cleaning up the server
2025-06-20 23:54:05,123 - IRCServer[52736] - INFO - Cleaning up the server
2025-06-20 23:54:05,125 - IRCServer[52736] - INFO - Cleaning up the server
2025-06-20 23:54:05,227 - IRCServer[52736] - INFO - Cleaning up the server
2025-06-20 23:54:05,328 - IRCServer[52736] - INFO - Cleaning up the server
Cleaning up the server
2025-06-20 23:54:04,815 - IRCServer[52736] - INFO - Cleaning up the server
2025-06-20 23:54:04,917 - IRCServer[52736] - INFO - Cleaning up the server
2025-06-20 23:54:04,920 - IRCServer[52736] - INFO - Cleaning up the server
2025-06-20 23:54:05,022 - IRCServer[52736] - INFO - Cleaning up the server
2025-06-20 23:54:05,023 - IRCServer[52736] - INFO - Cleaning up the server
2025-06-20 23:54:05,024 - IRCServer[52736] - INFO - Cleaning up the server
2025-06-20 23:54:05,123 - IRCServer[52736] - INFO - Cleaning up the server
2025-06-20 23:54:05,125 - IRCServer[52736] - INFO - Cleaning up the server
2025-06-20 23:54:05,227 - IRCServer[52736] - INFO - Cleaning up the server
2025-06-20 23:54:05,328 - IRCServer[52736] - INFO - Cleaning up the server
