2025-06-21 00:46:31,128 - IRCServer[55591] - INFO - Launching client sauron...
2025-06-21 00:46:31,134 - IRCServer[55591] - INFO - Sending message to b'\x80\x00\x00\x00l\x00\x00\x00\x00\x06\x00\x0bsauron"Test info"'
2025-06-21 00:46:31,136 - IRCServer[55591] - INFO - Received msg from Host ID #108 "b'\x80\x00\x00\x00l\x00\x00\x00\x00\x06\x00\x0bsauron"Test info"'"
2025-06-21 00:46:31,139 - IRCServer[55591] - INFO - Sending message to Host ID #4 "b'\x80\x00\x00\x00l\x00\x00\x00\x0b\x06\x00\x0bsauron"Test info"'"
2025-06-21 00:46:31,141 - IRCServer[55591] - INFO - Sending message to Host ID #2 "b'\x80\x00\x00\x00l\x00\x00\x00\x0b\x06\x00\x0bsauron"Test info"'"
2025-06-21 00:46:31,145 - IRCServer[55591] - INFO - Sending message to Host ID #1 "b'\x80\x00\x00\x00l\x00\x00\x00\x0b\x06\x00\x0bsauron"Test info"'"
2025-06-21 00:46:31,148 - IRCServer[55591] - INFO - Sending message to Host ID #3 "b'\x80\x00\x00\x00l\x00\x00\x00\x0b\x06\x00\x0bsauron"Test info"'"
2025-06-21 00:46:31,151 - IRCServer[55591] - INFO - Sending message to Host ID #5 "b'\x80\x00\x00\x00l\x00\x00\x00\x0b\x06\x00\x0bsauron"Test info"'"
2025-06-21 00:46:31,153 - IRCServer[55591] - INFO - Sending message to Host ID #6 "b'\x80\x00\x00\x00l\x00\x00\x00\x0b\x06\x00\x0bsauron"Test info"'"
2025-06-21 00:46:31,157 - IRCServer[55591] - INFO - Sending message to Host ID #7 "b'\x80\x00\x00\x00l\x00\x00\x00\x0b\x06\x00\x0bsauron"Test info"'"
2025-06-21 00:46:31,159 - IRCServer[55591] - INFO - Sending message to Host ID #8 "b'\x80\x00\x00\x00l\x00\x00\x00\x0b\x06\x00\x0bsauron"Test info"'"
2025-06-21 00:46:31,162 - IRCServer[55591] - INFO - Sending message to Host ID #9 "b'\x80\x00\x00\x00l\x00\x00\x00\x0b\x06\x00\x0bsauron"Test info"'"
2025-06-21 00:46:31,165 - IRCServer[55591] - INFO - Sending message to Host ID #10 "b'\x80\x00\x00\x00l\x00\x00\x00\x0b\x06\x00\x0bsauron"Test info"'"
2025-06-21 00:46:31,167 - IRCServer[55591] - INFO - Sending message to Host ID #4 "b'\x80\x00\x00\x00l\x00\x00\x00\x0b\x06\x00\x0bsauron"Test info"'"
2025-06-21 00:46:31,173 - IRCServer[55591] - INFO - Sending message to Host ID #2 "b'\x80\x00\x00\x00l\x00\x00\x00\x0b\x06\x00\x0bsauron"Test info"'"
2025-06-21 00:46:31,184 - IRCServer[55591] - INFO - Sending message to Host ID #1 "b'\x80\x00\x00\x00l\x00\x00\x00\x0b\x06\x00\x0bsauron"Test info"'"
2025-06-21 00:46:31,187 - IRCServer[55591] - INFO - Sending message to Host ID #3 "b'\x80\x00\x00\x00l\x00\x00\x00\x0b\x06\x00\x0bsauron"Test info"'"
2025-06-21 00:46:31,191 - IRCServer[55591] - INFO - Sending message to Host ID #5 "b'\x80\x00\x00\x00l\x00\x00\x00\x0b\x06\x00\x0bsauron"Test info"'"
2025-06-21 00:46:31,192 - IRCServer[55591] - INFO - Sending message to Host ID #6 "b'\x80\x00\x00\x00l\x00\x00\x00\x0b\x06\x00\x0bsauron"Test info"'"
2025-06-21 00:46:31,195 - IRCServer[55591] - INFO - Sending message to Host ID #7 "b'\x80\x00\x00\x00l\x00\x00\x00\x0b\x06\x00\x0bsauron"Test info"'"
2025-06-21 00:46:31,198 - IRCServer[55591] - INFO - Sending message to Host ID #8 "b'\x80\x00\x00\x00l\x00\x00\x00\x0b\x06\x00\x0bsauron"Test info"'"
2025-06-21 00:46:31,203 - IRCServer[55591] - INFO - Sending message to Host ID #9 "b'\x80\x00\x00\x00l\x00\x00\x00\x0b\x06\x00\x0bsauron"Test info"'"
2025-06-21 00:46:31,205 - IRCServer[55591] - INFO - Sending message to Host ID #10 "b'\x80\x00\x00\x00l\x00\x00\x00\x0b\x06\x00\x0bsauron"Test info"'"
2025-06-21 00:46:31,208 - IRCServer[55591] - INFO - Received msg from Host ID #108 "b'\x80\x00\x00\x00l\x00\x00\x00\x0b\x06\x00\x0bsauron"Test info"'"
2025-06-21 00:46:31,208 - IRCServer[55591] - INFO - Received message from Host ID #11 "b'\x01\x00\x00\x00\x0b\x00\x00\x00l\x00\x00\x00\x00\x000Welcome to the Clemson Relay Chat network sauron'"
2025-06-21 00:46:31,211 - IRCServer[55591] - INFO - Sending message to Host ID #2 "b'\x80\x00\x00\x00l\x00\x00\x00\x04\x06\x00\x0bsauron"Test info"'"
2025-06-21 00:46:31,212 - IRCServer[55591] - INFO - Received message from Host ID #101 "b'\x80\x00\x00\x00e\x00\x00\x00\x0b\x0c\x00\x0bfrodobaggins"Test info"'"
2025-06-21 00:46:31,215 - IRCServer[55591] - INFO - Sending message to Host ID #1 "b'\x80\x00\x00\x00l\x00\x00\x00\x04\x06\x00\x0bsauron"Test info"'"
2025-06-21 00:46:31,215 - IRCServer[55591] - INFO - Received message from Host ID #102 "b'\x80\x00\x00\x00f\x00\x00\x00\x0b\t\x00\x0bsamgamgee"Test info"'"
2025-06-21 00:46:31,217 - IRCServer[55591] - INFO - Sending message to Host ID #3 "b'\x80\x00\x00\x00l\x00\x00\x00\x04\x06\x00\x0bsauron"Test info"'"
2025-06-21 00:46:31,220 - IRCServer[55591] - INFO - Received message from Host ID #103 "b'\x80\x00\x00\x00g\x00\x00\x00\x0b\x06\x00\x0belrond"Test info"'"
2025-06-21 00:46:31,221 - IRCServer[55591] - INFO - Sending message to Host ID #6 "b'\x80\x00\x00\x00l\x00\x00\x00\x04\x06\x00\x0bsauron"Test info"'"
2025-06-21 00:46:31,227 - IRCServer[55591] - INFO - Received message from Host ID #104 "b'\x80\x00\x00\x00h\x00\x00\x00\x0b\x0c\x00\x0bbilbobaggins"Test info"'"
2025-06-21 00:46:31,228 - IRCServer[55591] - INFO - Sending message to Host ID #7 "b'\x80\x00\x00\x00l\x00\x00\x00\x04\x06\x00\x0bsauron"Test info"'"
2025-06-21 00:46:31,232 - IRCServer[55591] - INFO - Received message from Host ID #105 "b'\x80\x00\x00\x00i\x00\x00\x00\x0b\x08\x00\x0bperegrin"Test info"'"
2025-06-21 00:46:31,232 - IRCServer[55591] - INFO - Sending message to Host ID #10 "b'\x80\x00\x00\x00l\x00\x00\x00\x04\x06\x00\x0bsauron"Test info"'"
2025-06-21 00:46:31,235 - IRCServer[55591] - INFO - Received message from Host ID #106 "b'\x80\x00\x00\x00j\x00\x00\x00\x0b\x08\x00\x0bmeriadoc"Test info"'"
2025-06-21 00:46:31,237 - IRCServer[55591] - INFO - Received msg from Host ID #108 "b'\x80\x00\x00\x00l\x00\x00\x00\x0b\x06\x00\x0bsauron"Test info"'"
2025-06-21 00:46:31,240 - IRCServer[55591] - INFO - Received message from Host ID #107 "b'\x80\x00\x00\x00k\x00\x00\x00\x0b\x05\x00\x0bbalin"Test info"'"
2025-06-21 00:46:31,241 - IRCServer[55591] - INFO - Sending message to an unknown IO device "b'\x01\x00\x00\x00\x04\x00\x00\x00\x00\x00\x02\x00\x00\x00+A machine is already registered with ID 108'"
2025-06-21 00:46:31,246 - IRCServer[55591] - INFO - Received msg from Host ID #108 "b'\x80\x00\x00\x00l\x00\x00\x00\x04\x06\x00\x0bsauron"Test info"'"
2025-06-21 00:46:31,247 - IRCServer[55591] - INFO - Received msg from Host ID #108 "b'\x80\x00\x00\x00l\x00\x00\x00\x04\x06\x00\x0bsauron"Test info"'"
2025-06-21 00:46:31,248 - IRCServer[55591] - INFO - Received msg from Host ID #4 "b'\x01\x00\x00\x00\x04\x00\x00\x00\x00\x00\x02\x00\x00\x00+A machine is already registered with ID 108'"
2025-06-21 00:46:31,248 - IRCServer[55591] - INFO - Received msg from Host ID #108 "b'\x80\x00\x00\x00l\x00\x00\x00\x04\x06\x00\x0bsauron"Test info"'"
2025-06-21 00:46:31,249 - IRCServer[55591] - INFO - Received msg from Host ID #108 "b'\x80\x00\x00\x00l\x00\x00\x00\x04\x06\x00\x0bsauron"Test info"'"
2025-06-21 00:46:31,251 - IRCServer[55591] - INFO - Sending message to Host ID #103 "b'\x80\x00\x00\x00l\x00\x00\x00\x02\x06\x00\x0bsauron"Test info"'"
2025-06-21 00:46:31,252 - IRCServer[55591] - INFO - Sending message to Host ID #106 "b'\x80\x00\x00\x00l\x00\x00\x00\x06\x06\x00\x0bsauron"Test info"'"
2025-06-21 00:46:31,254 - IRCServer[55591] - INFO - Sending message to Host ID #105 "b'\x80\x00\x00\x00l\x00\x00\x00\x07\x06\x00\x0bsauron"Test info"'"
2025-06-21 00:46:31,255 - IRCServer[55591] - INFO - Sending message to Host ID #2 "b'\x80\x00\x00\x00l\x00\x00\x00\n\x06\x00\x0bsauron"Test info"'"
2025-06-21 00:46:31,257 - IRCServer[55591] - INFO - Sending message to Host ID #1 "b'\x80\x00\x00\x00l\x00\x00\x00\x02\x06\x00\x0bsauron"Test info"'"
2025-06-21 00:46:31,258 - IRCServer[55591] - INFO - Sending message to Host ID #2 "b'\x80\x00\x00\x00l\x00\x00\x00\x06\x06\x00\x0bsauron"Test info"'"
2025-06-21 00:46:31,259 - IRCServer[55591] - INFO - Sending message to Host ID #2 "b'\x80\x00\x00\x00l\x00\x00\x00\x07\x06\x00\x0bsauron"Test info"'"
2025-06-21 00:46:31,260 - IRCServer[55591] - INFO - Sending message to Host ID #1 "b'\x80\x00\x00\x00l\x00\x00\x00\n\x06\x00\x0bsauron"Test info"'"
2025-06-21 00:46:31,261 - IRCServer[55591] - INFO - Sending message to Host ID #5 "b'\x80\x00\x00\x00l\x00\x00\x00\x02\x06\x00\x0bsauron"Test info"'"
2025-06-21 00:46:31,263 - IRCServer[55591] - INFO - Sending message to Host ID #1 "b'\x80\x00\x00\x00l\x00\x00\x00\x06\x06\x00\x0bsauron"Test info"'"
2025-06-21 00:46:31,265 - IRCServer[55591] - INFO - Sending message to Host ID #1 "b'\x80\x00\x00\x00l\x00\x00\x00\x07\x06\x00\x0bsauron"Test info"'"
2025-06-21 00:46:31,267 - IRCServer[55591] - INFO - Sending message to Host ID #3 "b'\x80\x00\x00\x00l\x00\x00\x00\n\x06\x00\x0bsauron"Test info"'"
2025-06-21 00:46:31,268 - IRCServer[55591] - INFO - Sending message to Host ID #8 "b'\x80\x00\x00\x00l\x00\x00\x00\x02\x06\x00\x0bsauron"Test info"'"
2025-06-21 00:46:31,269 - IRCServer[55591] - INFO - Sending message to Host ID #3 "b'\x80\x00\x00\x00l\x00\x00\x00\x06\x06\x00\x0bsauron"Test info"'"
2025-06-21 00:46:31,270 - IRCServer[55591] - INFO - Sending message to Host ID #3 "b'\x80\x00\x00\x00l\x00\x00\x00\x07\x06\x00\x0bsauron"Test info"'"
2025-06-21 00:46:31,271 - IRCServer[55591] - INFO - Sending message to Host ID #5 "b'\x80\x00\x00\x00l\x00\x00\x00\n\x06\x00\x0bsauron"Test info"'"
2025-06-21 00:46:31,272 - IRCServer[55591] - INFO - Received message from Host ID #108 "b'\x80\x00\x00\x00l\x00\x00\x00\x02\x06\x00\x0bsauron"Test info"'"
2025-06-21 00:46:31,272 - IRCServer[55591] - INFO - Received msg from Host ID #108 "b'\x80\x00\x00\x00l\x00\x00\x00\x02\x06\x00\x0bsauron"Test info"'"
2025-06-21 00:46:31,273 - IRCServer[55591] - INFO - Received msg from Host ID #108 "b'\x80\x00\x00\x00l\x00\x00\x00\x02\x06\x00\x0bsauron"Test info"'"
2025-06-21 00:46:31,274 - IRCServer[55591] - INFO - Sending message to Host ID #5 "b'\x80\x00\x00\x00l\x00\x00\x00\x06\x06\x00\x0bsauron"Test info"'"
2025-06-21 00:46:31,274 - IRCServer[55591] - INFO - Received msg from Host ID #108 "b'\x80\x00\x00\x00l\x00\x00\x00\x02\x06\x00\x0bsauron"Test info"'"
2025-06-21 00:46:31,275 - IRCServer[55591] - INFO - Sending message to Host ID #5 "b'\x80\x00\x00\x00l\x00\x00\x00\x07\x06\x00\x0bsauron"Test info"'"
2025-06-21 00:46:31,275 - IRCServer[55591] - INFO - Sending message to Host ID #6 "b'\x80\x00\x00\x00l\x00\x00\x00\n\x06\x00\x0bsauron"Test info"'"
2025-06-21 00:46:31,276 - IRCServer[55591] - INFO - Sending message to Host ID #101 "b'\x80\x00\x00\x00l\x00\x00\x00\x01\x06\x00\x0bsauron"Test info"'"
2025-06-21 00:46:31,277 - IRCServer[55591] - INFO - Sending message to Host ID #1 "b'\x80\x00\x00\x00l\x00\x00\x00\x08\x06\x00\x0bsauron"Test info"'"
2025-06-21 00:46:31,279 - IRCServer[55591] - INFO - Sending message to Host ID #9 "b'\x80\x00\x00\x00l\x00\x00\x00\x06\x06\x00\x0bsauron"Test info"'"
2025-06-21 00:46:31,279 - IRCServer[55591] - INFO - Sending message to Host ID #107 "b'\x80\x00\x00\x00l\x00\x00\x00\x05\x06\x00\x0bsauron"Test info"'"
2025-06-21 00:46:31,282 - IRCServer[55591] - INFO - Sending message to Host ID #6 "b'\x80\x00\x00\x00l\x00\x00\x00\x07\x06\x00\x0bsauron"Test info"'"
2025-06-21 00:46:31,283 - IRCServer[55591] - INFO - Sending message to Host ID #7 "b'\x80\x00\x00\x00l\x00\x00\x00\n\x06\x00\x0bsauron"Test info"'"
2025-06-21 00:46:31,283 - IRCServer[55591] - INFO - Sending message to Host ID #102 "b'\x80\x00\x00\x00l\x00\x00\x00\x01\x06\x00\x0bsauron"Test info"'"
2025-06-21 00:46:31,285 - IRCServer[55591] - INFO - Sending message to Host ID #3 "b'\x80\x00\x00\x00l\x00\x00\x00\x08\x06\x00\x0bsauron"Test info"'"
2025-06-21 00:46:31,285 - IRCServer[55591] - INFO - Received message from Host ID #108 "b'\x80\x00\x00\x00l\x00\x00\x00\x06\x06\x00\x0bsauron"Test info"'"
2025-06-21 00:46:31,285 - IRCServer[55591] - INFO - Received msg from Host ID #108 "b'\x80\x00\x00\x00l\x00\x00\x00\x06\x06\x00\x0bsauron"Test info"'"
2025-06-21 00:46:31,285 - IRCServer[55591] - INFO - Sending message to Host ID #1 "b'\x80\x00\x00\x00l\x00\x00\x00\x05\x06\x00\x0bsauron"Test info"'"
2025-06-21 00:46:31,286 - IRCServer[55591] - INFO - Sending message to Host ID #8 "b'\x80\x00\x00\x00l\x00\x00\x00\n\x06\x00\x0bsauron"Test info"'"
2025-06-21 00:46:31,286 - IRCServer[55591] - INFO - Received msg from Host ID #108 "b'\x80\x00\x00\x00l\x00\x00\x00\x06\x06\x00\x0bsauron"Test info"'"
2025-06-21 00:46:31,286 - IRCServer[55591] - INFO - Received message from Host ID #108 "b'\x80\x00\x00\x00l\x00\x00\x00\x07\x06\x00\x0bsauron"Test info"'"
2025-06-21 00:46:31,286 - IRCServer[55591] - INFO - Sending message to Host ID #3 "b'\x80\x00\x00\x00l\x00\x00\x00\x01\x06\x00\x0bsauron"Test info"'"
2025-06-21 00:46:31,288 - IRCServer[55591] - INFO - Sending message to Host ID #4 "b'\x80\x00\x00\x00l\x00\x00\x00\x08\x06\x00\x0bsauron"Test info"'"
2025-06-21 00:46:31,290 - IRCServer[55591] - INFO - Sending message to an unknown IO device "b'\x01\x00\x00\x00\x04\x00\x00\x00\x00\x00\x02\x00\x00\x00+A machine is already registered with ID 108'"
2025-06-21 00:46:31,291 - IRCServer[55591] - INFO - Sending message to Host ID #3 "b'\x80\x00\x00\x00l\x00\x00\x00\x05\x06\x00\x0bsauron"Test info"'"
2025-06-21 00:46:31,292 - IRCServer[55591] - INFO - Sending message to Host ID #9 "b'\x80\x00\x00\x00l\x00\x00\x00\n\x06\x00\x0bsauron"Test info"'"
2025-06-21 00:46:31,295 - IRCServer[55591] - INFO - Sending message to Host ID #4 "b'\x80\x00\x00\x00l\x00\x00\x00\t\x06\x00\x0bsauron"Test info"'"
2025-06-21 00:46:31,297 - IRCServer[55591] - INFO - Received message from Host ID #108 "b'\x80\x00\x00\x00l\x00\x00\x00\x01\x06\x00\x0bsauron"Test info"'"
2025-06-21 00:46:31,298 - IRCServer[55591] - INFO - Sending message to Host ID #5 "b'\x80\x00\x00\x00l\x00\x00\x00\x08\x06\x00\x0bsauron"Test info"'"
2025-06-21 00:46:31,298 - IRCServer[55591] - INFO - Sending message to Host ID #4 "b'\x80\x00\x00\x00l\x00\x00\x00\x05\x06\x00\x0bsauron"Test info"'"
2025-06-21 00:46:31,299 - IRCServer[55591] - INFO - Received msg from Host ID #108 "b'\x80\x00\x00\x00l\x00\x00\x00\x01\x06\x00\x0bsauron"Test info"'"
2025-06-21 00:46:31,299 - IRCServer[55591] - INFO - Received msg from Host ID #4 "b'\x01\x00\x00\x00\x04\x00\x00\x00\x00\x00\x02\x00\x00\x00+A machine is already registered with ID 108'"
2025-06-21 00:46:31,300 - IRCServer[55591] - INFO - Received msg from Host ID #108 "b'\x80\x00\x00\x00l\x00\x00\x00\x07\x06\x00\x0bsauron"Test info"'"
2025-06-21 00:46:31,300 - IRCServer[55591] - INFO - Received message from Host ID #108 "b'\x80\x00\x00\x00l\x00\x00\x00\x01\x06\x00\x0bsauron"Test info"'"
2025-06-21 00:46:31,300 - IRCServer[55591] - INFO - Sending message to Host ID #2 "b'\x80\x00\x00\x00l\x00\x00\x00\t\x06\x00\x0bsauron"Test info"'"
2025-06-21 00:46:31,301 - IRCServer[55591] - INFO - Sending message to Host ID #6 "b'\x80\x00\x00\x00l\x00\x00\x00\x08\x06\x00\x0bsauron"Test info"'"
2025-06-21 00:46:31,302 - IRCServer[55591] - INFO - Received message from Host ID #108 "b'\x80\x00\x00\x00l\x00\x00\x00\x05\x06\x00\x0bsauron"Test info"'"
2025-06-21 00:46:31,303 - IRCServer[55591] - INFO - Received msg from Host ID #108 "b'\x80\x00\x00\x00l\x00\x00\x00\x05\x06\x00\x0bsauron"Test info"'"
2025-06-21 00:46:31,304 - IRCServer[55591] - INFO - Sending message to Host ID #104 "b'\x80\x00\x00\x00l\x00\x00\x00\x03\x06\x00\x0bsauron"Test info"'"
2025-06-21 00:46:31,306 - IRCServer[55591] - INFO - Sending message to an unknown IO device "b'\x01\x00\x00\x00\x04\x00\x00\x00\x00\x00\x02\x00\x00\x00+A machine is already registered with ID 108'"
2025-06-21 00:46:31,308 - IRCServer[55591] - INFO - Sending message to Host ID #1 "b'\x80\x00\x00\x00l\x00\x00\x00\t\x06\x00\x0bsauron"Test info"'"
2025-06-21 00:46:31,308 - IRCServer[55591] - INFO - Sending message to Host ID #7 "b'\x80\x00\x00\x00l\x00\x00\x00\x08\x06\x00\x0bsauron"Test info"'"
2025-06-21 00:46:31,310 - IRCServer[55591] - INFO - Sending message to an unknown IO device "b'\x01\x00\x00\x00\x02\x00\x00\x00\x00\x00\x02\x00\x00\x00+A machine is already registered with ID 108'"
2025-06-21 00:46:31,311 - IRCServer[55591] - INFO - Sending message to Host ID #2 "b'\x80\x00\x00\x00l\x00\x00\x00\x03\x06\x00\x0bsauron"Test info"'"
2025-06-21 00:46:31,312 - IRCServer[55591] - INFO - Received msg from Host ID #108 "b'\x80\x00\x00\x00l\x00\x00\x00\n\x06\x00\x0bsauron"Test info"'"
2025-06-21 00:46:31,312 - IRCServer[55591] - INFO - Received msg from Host ID #4 "b'\x01\x00\x00\x00\x04\x00\x00\x00\x00\x00\x02\x00\x00\x00+A machine is already registered with ID 108'"
2025-06-21 00:46:31,313 - IRCServer[55591] - INFO - Sending message to Host ID #3 "b'\x80\x00\x00\x00l\x00\x00\x00\t\x06\x00\x0bsauron"Test info"'"
2025-06-21 00:46:31,316 - IRCServer[55591] - INFO - Received msg from Host ID #2 "b'\x01\x00\x00\x00\x02\x00\x00\x00\x00\x00\x02\x00\x00\x00+A machine is already registered with ID 108'"
2025-06-21 00:46:31,316 - IRCServer[55591] - INFO - Received msg from Host ID #108 "b'\x80\x00\x00\x00l\x00\x00\x00\x08\x06\x00\x0bsauron"Test info"'"
2025-06-21 00:46:31,316 - IRCServer[55591] - INFO - Received message from Host ID #108 "b'\x80\x00\x00\x00l\x00\x00\x00\x03\x06\x00\x0bsauron"Test info"'"
2025-06-21 00:46:31,316 - IRCServer[55591] - INFO - Received msg from Host ID #108 "b'\x80\x00\x00\x00l\x00\x00\x00\x03\x06\x00\x0bsauron"Test info"'"
2025-06-21 00:46:31,316 - IRCServer[55591] - INFO - Sending message to an unknown IO device "b'\x01\x00\x00\x00\x04\x00\x00\x00\x00\x00\x02\x00\x00\x00+A machine is already registered with ID 108'"
2025-06-21 00:46:31,318 - IRCServer[55591] - INFO - Sending message to Host ID #5 "b'\x80\x00\x00\x00l\x00\x00\x00\t\x06\x00\x0bsauron"Test info"'"
2025-06-21 00:46:31,320 - IRCServer[55591] - INFO - Sending message to an unknown IO device "b'\x01\x00\x00\x00\x02\x00\x00\x00\x00\x00\x02\x00\x00\x00+A machine is already registered with ID 108'"
2025-06-21 00:46:31,321 - IRCServer[55591] - INFO - Sending message to an unknown IO device "b'\x01\x00\x00\x00\x01\x00\x00\x00\x00\x00\x02\x00\x00\x00+A machine is already registered with ID 108'"
2025-06-21 00:46:31,322 - IRCServer[55591] - INFO - Received msg from Host ID #4 "b'\x01\x00\x00\x00\x04\x00\x00\x00\x00\x00\x02\x00\x00\x00+A machine is already registered with ID 108'"
2025-06-21 00:46:31,322 - IRCServer[55591] - INFO - Sending message to Host ID #7 "b'\x80\x00\x00\x00l\x00\x00\x00\t\x06\x00\x0bsauron"Test info"'"
2025-06-21 00:46:31,323 - IRCServer[55591] - INFO - Received msg from Host ID #2 "b'\x01\x00\x00\x00\x02\x00\x00\x00\x00\x00\x02\x00\x00\x00+A machine is already registered with ID 108'"
2025-06-21 00:46:31,325 - IRCServer[55591] - INFO - Received msg from Host ID #1 "b'\x01\x00\x00\x00\x01\x00\x00\x00\x00\x00\x02\x00\x00\x00+A machine is already registered with ID 108'"
2025-06-21 00:46:31,329 - IRCServer[55591] - INFO - Sending message to Host ID #8 "b'\x80\x00\x00\x00l\x00\x00\x00\t\x06\x00\x0bsauron"Test info"'"
2025-06-21 00:46:31,335 - IRCServer[55591] - INFO - Received msg from Host ID #108 "b'\x80\x00\x00\x00l\x00\x00\x00\t\x06\x00\x0bsauron"Test info"'"
2025-06-21 00:46:31,340 - IRCServer[55591] - INFO - Sending message to an unknown IO device "b'\x01\x00\x00\x00\x06\x00\x00\x00\x00\x00\x02\x00\x00\x00+A machine is already registered with ID 108'"
2025-06-21 00:46:31,347 - IRCServer[55591] - INFO - Received msg from Host ID #6 "b'\x01\x00\x00\x00\x06\x00\x00\x00\x00\x00\x02\x00\x00\x00+A machine is already registered with ID 108'"
2025-06-21 00:46:32,133 - IRCServer[55591] - INFO - Sending message to b'\x81\x00\x00\x00l\x00\x00\x00g\x00\x00\x00\x17"Testing 1 2 3 4 5 6 7"'
2025-06-21 00:46:32,141 - IRCServer[55591] - INFO - Received msg from Host ID #108 "b'\x81\x00\x00\x00l\x00\x00\x00g\x00\x00\x00\x17"Testing 1 2 3 4 5 6 7"'"
2025-06-21 00:46:32,145 - IRCServer[55591] - INFO - Sending message to Host ID #103 "b'\x81\x00\x00\x00l\x00\x00\x00g\x00\x00\x00\x17"Testing 1 2 3 4 5 6 7"'"
2025-06-21 00:46:34,642 - IRCServer[55591] - INFO - Cleaning up the server
2025-06-21 00:46:34,649 - IRCServer[55591] - INFO - Server has disconnected!
2025-06-21 00:46:34,650 - IRCServer[55591] - INFO - Server has disconnected!
2025-06-21 00:46:34,656 - IRCServer[55591] - INFO - Cleaning up the server
2025-06-21 00:46:34,661 - IRCServer[55591] - INFO - Server has disconnected!
2025-06-21 00:46:34,662 - IRCServer[55591] - INFO - Cleaning up the server
2025-06-21 00:46:34,665 - IRCServer[55591] - INFO - Server has disconnected!
2025-06-21 00:46:34,665 - IRCServer[55591] - INFO - Cleaning up the server
2025-06-21 00:46:34,668 - IRCServer[55591] - INFO - Cleaning up the server
2025-06-21 00:46:34,669 - IRCServer[55591] - INFO - Server has disconnected!
2025-06-21 00:46:34,669 - IRCServer[55591] - INFO - Cleaning up the server
2025-06-21 00:46:34,670 - IRCServer[55591] - INFO - Server has disconnected!
2025-06-21 00:46:34,670 - IRCServer[55591] - INFO - Cleaning up the server
2025-06-21 00:46:34,671 - IRCServer[55591] - INFO - Server has disconnected!
2025-06-21 00:46:34,763 - IRCServer[55591] - INFO - Cleaning up the server
2025-06-21 00:46:34,771 - IRCServer[55591] - INFO - Cleaning up the server
2025-06-21 00:46:34,870 - IRCServer[55591] - INFO - Cleaning up the server
2025-06-21 00:46:34,871 - IRCServer[55591] - INFO - Cleaning up the server
2025-06-21 00:46:34,871 - IRCServer[55591] - INFO - Server has disconnected!
