2025-06-20 22:38:15,542 - IRCServer[48511] - INFO - Launching server theshire...
2025-06-20 22:38:15,542 - IRCServer[48511] - INFO - Configuring the server socket...
2025-06-20 22:38:15,542 - IRCServer[48511] - INFO - Listening for new connections on port 31301
2025-06-20 22:38:15,797 - IRCServer[48511] - INFO - Launching server rivendale...
2025-06-20 22:38:15,798 - IRCServer[48511] - INFO - Configuring the server socket...
2025-06-20 22:38:15,799 - IRCServer[48511] - INFO - Connecting to remote server theshire:31301...
2025-06-20 22:38:15,799 - IRCServer[48511] - INFO - Listening for new connections on port 31302
2025-06-20 22:38:16,050 - IRCServer[48511] - INFO - Launching server mirkwood...
2025-06-20 22:38:16,050 - IRCServer[48511] - INFO - Configuring the server socket...
2025-06-20 22:38:16,050 - IRCServer[48511] - INFO - Connecting to remote server rivendale:31302...
2025-06-20 22:38:16,051 - IRCServer[48511] - INFO - Listening for new connections on port 31303
2025-06-20 22:38:16,305 - IRCServer[48511] - INFO - Launching server lothlorin...
2025-06-20 22:38:16,305 - IRCServer[48511] - INFO - Configuring the server socket...
2025-06-20 22:38:16,306 - IRCServer[48511] - INFO - Connecting to remote server mirkwood:31303...
2025-06-20 22:38:16,306 - IRCServer[48511] - INFO - Listening for new connections on port 31304
2025-06-20 22:38:16,562 - IRCServer[48511] - INFO - Launching server isengard...
2025-06-20 22:38:16,563 - IRCServer[48511] - INFO - Configuring the server socket...
2025-06-20 22:38:16,563 - IRCServer[48511] - INFO - Connecting to remote server rivendale:31302...
2025-06-20 22:38:16,564 - IRCServer[48511] - INFO - Listening for new connections on port 31305
2025-06-20 22:38:16,814 - IRCServer[48511] - INFO - Launching server minastirith...
2025-06-20 22:38:16,814 - IRCServer[48511] - INFO - Configuring the server socket...
2025-06-20 22:38:16,814 - IRCServer[48511] - INFO - Connecting to remote server theshire:31301...
2025-06-20 22:38:16,815 - IRCServer[48511] - INFO - Listening for new connections on port 31306
2025-06-20 22:38:17,064 - IRCServer[48511] - INFO - Launching server osgiliath...
2025-06-20 22:38:17,065 - IRCServer[48511] - INFO - Configuring the server socket...
2025-06-20 22:38:17,065 - IRCServer[48511] - INFO - Connecting to remote server minastiri:31306...
2025-06-20 22:38:17,066 - IRCServer[48511] - INFO - Listening for new connections on port 31307
2025-06-20 22:38:17,320 - IRCServer[48511] - INFO - Launching server barad-dur...
2025-06-20 22:38:17,321 - IRCServer[48511] - INFO - Configuring the server socket...
2025-06-20 22:38:17,321 - IRCServer[48511] - INFO - Connecting to remote server minastiri:31306...
2025-06-20 22:38:17,322 - IRCServer[48511] - INFO - Listening for new connections on port 31308
2025-06-20 22:38:17,924 - IRCServer[48511] - INFO - Cleaning up the server
2025-06-20 22:38:17,925 - IRCServer[48511] - INFO - Cleaning up the server
2025-06-20 22:38:17,976 - IRCServer[48511] - INFO - Cleaning up the server
2025-06-20 22:38:17,977 - IRCServer[48511] - INFO - Cleaning up the server
ndale:31302...
2025-06-20 22:38:16,564 - IRCServer[48511] - INFO - Listening for new connections on port 31305
2025-06-20 22:38:16,814 - IRCServer[48511] - INFO - Launching server minastirith...
2025-06-20 22:38:16,814 - IRCServer[48511] - INFO - Configuring the server socket...
2025-06-20 22:38:16,814 - IRCServer[48511] - INFO - Connecting to remote server theshire:31301...
2025-06-20 22:38:16,815 - IRCServer[48511] - INFO - Listening for new connections on port 31306
2025-06-20 22:38:17,064 - IRCServer[48511] - INFO - Launching server osgiliath...
2025-06-20 22:38:17,065 - IRCServer[48511] - INFO - Configuring the server socket...
2025-06-20 22:38:17,065 - IRCServer[48511] - INFO - Connecting to remote server minastiri:31306...
2025-06-20 22:38:17,066 - IRCServer[48511] - INFO - Listening for new connections on port 31307
2025-06-20 22:38:17,320 - IRCServer[48511] - INFO - Launching server barad-dur...
2025-06-20 22:38:17,321 - IRCServer[48511] - INFO - Configuring the server socket...
2025-06-20 22:38:17,321 - IRCServer[48511] - INFO - Connecting to remote server minastiri:31306...
2025-06-20 22:38:17,322 - IRCServer[48511] - INFO - Listening for new connections on port 31308
2025-06-20 22:38:17,924 - IRCServer[48511] - INFO - Cleaning up the server
2025-06-20 22:38:17,925 - IRCServer[48511] - INFO - Cleaning up the server
2025-06-20 22:38:17,976 - IRCServer[48511] - INFO - Cleaning up the server
2025-06-20 22:38:17,977 - IRCServer[48511] - INFO - Cleaning up the server
g for new connections on port 31307
2025-06-20 22:38:17,320 - IRCServer[48511] - INFO - Launching server barad-dur...
2025-06-20 22:38:17,321 - IRCServer[48511] - INFO - Configuring the server socket...
2025-06-20 22:38:17,321 - IRCServer[48511] - INFO - Connecting to remote server minastiri:31306...
2025-06-20 22:38:17,322 - IRCServer[48511] - INFO - Listening for new connections on port 31308
2025-06-20 22:38:17,924 - IRCServer[48511] - INFO - Cleaning up the server
2025-06-20 22:38:17,925 - IRCServer[48511] - INFO - Cleaning up the server
2025-06-20 22:38:17,976 - IRCServer[48511] - INFO - Cleaning up the server
2025-06-20 22:38:17,977 - IRCServer[48511] - INFO - Cleaning up the server
